[2024-03-30 02:39:08Z INFO HostContext] No proxy settings were found based on environmental variables (http_proxy/https_proxy/HTTP_PROXY/HTTPS_PROXY)
[2024-03-30 02:39:08Z INFO HostContext] Well known directory 'Bin': 'D:\ful stack web apps\lystify\actions-runner\bin'
[2024-03-30 02:39:08Z INFO HostContext] Well known directory 'Root': 'D:\ful stack web apps\lystify\actions-runner'
[2024-03-30 02:39:08Z INFO HostContext] Well known config file 'Credentials': 'D:\ful stack web apps\lystify\actions-runner\.credentials'
[2024-03-30 02:39:08Z INFO HostContext] Well known directory 'Bin': 'D:\ful stack web apps\lystify\actions-runner\bin'
[2024-03-30 02:39:08Z INFO HostContext] Well known directory 'Root': 'D:\ful stack web apps\lystify\actions-runner'
[2024-03-30 02:39:08Z INFO HostContext] Well known config file 'Runner': 'D:\ful stack web apps\lystify\actions-runner\.runner'
[2024-03-30 02:39:08Z INFO Listener] Runner is built for Windows (X64) - win-x64.
[2024-03-30 02:39:08Z INFO Listener] RuntimeInformation: Microsoft Windows 10.0.22631.
[2024-03-30 02:39:08Z INFO Listener] Version: 2.314.1
[2024-03-30 02:39:08Z INFO Listener] Commit: 976290d966e6cc3e748a49bf8fdbe139ff764201
[2024-03-30 02:39:08Z INFO Listener] Culture: en-CA
[2024-03-30 02:39:08Z INFO Listener] UI Culture: en-US
[2024-03-30 02:39:08Z INFO HostContext] Well known directory 'Bin': 'D:\ful stack web apps\lystify\actions-runner\bin'
[2024-03-30 02:39:08Z INFO HostContext] Well known directory 'Root': 'D:\ful stack web apps\lystify\actions-runner'
[2024-03-30 02:39:08Z INFO Listener] Validating directory permissions for: 'D:\ful stack web apps\lystify\actions-runner'
[2024-03-30 02:39:08Z INFO CommandLineParser] Parse
[2024-03-30 02:39:08Z INFO CommandLineParser] Parsing 1 args
[2024-03-30 02:39:08Z INFO CommandLineParser] parsing argument
[2024-03-30 02:39:08Z INFO CommandLineParser] HasArgs: False
[2024-03-30 02:39:08Z INFO CommandLineParser] Adding Command: run
[2024-03-30 02:39:08Z INFO Listener] Arguments parsed
[2024-03-30 02:39:08Z INFO Runner] ExecuteCommand
[2024-03-30 02:39:08Z INFO ConfigurationStore] currentAssemblyLocation: D:\ful stack web apps\lystify\actions-runner\bin\Runner.Listener.dll
[2024-03-30 02:39:08Z INFO HostContext] Well known directory 'Bin': 'D:\ful stack web apps\lystify\actions-runner\bin'
[2024-03-30 02:39:08Z INFO ConfigurationStore] binPath: D:\ful stack web apps\lystify\actions-runner\bin
[2024-03-30 02:39:08Z INFO HostContext] Well known directory 'Bin': 'D:\ful stack web apps\lystify\actions-runner\bin'
[2024-03-30 02:39:08Z INFO HostContext] Well known directory 'Root': 'D:\ful stack web apps\lystify\actions-runner'
[2024-03-30 02:39:08Z INFO ConfigurationStore] RootFolder: D:\ful stack web apps\lystify\actions-runner
[2024-03-30 02:39:08Z INFO HostContext] Well known directory 'Bin': 'D:\ful stack web apps\lystify\actions-runner\bin'
[2024-03-30 02:39:08Z INFO HostContext] Well known directory 'Root': 'D:\ful stack web apps\lystify\actions-runner'
[2024-03-30 02:39:08Z INFO HostContext] Well known config file 'Runner': 'D:\ful stack web apps\lystify\actions-runner\.runner'
[2024-03-30 02:39:08Z INFO ConfigurationStore] ConfigFilePath: D:\ful stack web apps\lystify\actions-runner\.runner
[2024-03-30 02:39:08Z INFO HostContext] Well known directory 'Bin': 'D:\ful stack web apps\lystify\actions-runner\bin'
[2024-03-30 02:39:08Z INFO HostContext] Well known directory 'Root': 'D:\ful stack web apps\lystify\actions-runner'
[2024-03-30 02:39:08Z INFO HostContext] Well known config file 'Credentials': 'D:\ful stack web apps\lystify\actions-runner\.credentials'
[2024-03-30 02:39:08Z INFO ConfigurationStore] CredFilePath: D:\ful stack web apps\lystify\actions-runner\.credentials
[2024-03-30 02:39:08Z INFO HostContext] Well known directory 'Bin': 'D:\ful stack web apps\lystify\actions-runner\bin'
[2024-03-30 02:39:08Z INFO HostContext] Well known directory 'Root': 'D:\ful stack web apps\lystify\actions-runner'
[2024-03-30 02:39:08Z INFO HostContext] Well known config file 'MigratedCredentials': 'D:\ful stack web apps\lystify\actions-runner\.credentials_migrated'
[2024-03-30 02:39:08Z INFO ConfigurationStore] MigratedCredFilePath: D:\ful stack web apps\lystify\actions-runner\.credentials_migrated
[2024-03-30 02:39:08Z INFO HostContext] Well known directory 'Bin': 'D:\ful stack web apps\lystify\actions-runner\bin'
[2024-03-30 02:39:08Z INFO HostContext] Well known directory 'Root': 'D:\ful stack web apps\lystify\actions-runner'
[2024-03-30 02:39:08Z INFO HostContext] Well known config file 'Service': 'D:\ful stack web apps\lystify\actions-runner\.service'
[2024-03-30 02:39:08Z INFO ConfigurationStore] ServiceConfigFilePath: D:\ful stack web apps\lystify\actions-runner\.service
[2024-03-30 02:39:08Z INFO CommandSettings] Flag 'help': 'False'
[2024-03-30 02:39:08Z INFO CommandSettings] Flag 'version': 'False'
[2024-03-30 02:39:08Z INFO CommandSettings] Flag 'commit': 'False'
[2024-03-30 02:39:08Z INFO CommandSettings] Flag 'check': 'False'
[2024-03-30 02:39:08Z INFO CommandSettings] Command 'configure': 'False'
[2024-03-30 02:39:08Z INFO CommandSettings] Command 'remove': 'False'
[2024-03-30 02:39:08Z INFO CommandSettings] Command 'warmup': 'False'
[2024-03-30 02:39:08Z INFO ConfigurationManager] LoadSettings
[2024-03-30 02:39:08Z INFO ConfigurationStore] IsConfigured()
[2024-03-30 02:39:08Z INFO ConfigurationStore] IsConfigured: True
[2024-03-30 02:39:08Z INFO ConfigurationManager] Is configured: True
[2024-03-30 02:39:08Z INFO ConfigurationStore] Read setting file: 305 chars
[2024-03-30 02:39:08Z INFO ConfigurationManager] Settings Loaded
[2024-03-30 02:39:08Z INFO ConfigurationStore] IsServiceConfigured()
[2024-03-30 02:39:08Z INFO ConfigurationStore] IsServiceConfigured: False
[2024-03-30 02:39:08Z INFO CommandSettings] Command 'run': 'True'
[2024-03-30 02:39:08Z INFO ConfigurationStore] IsConfigured()
[2024-03-30 02:39:08Z INFO ConfigurationStore] IsConfigured: True
[2024-03-30 02:39:08Z INFO ConfigurationManager] Is configured: True
[2024-03-30 02:39:08Z INFO Runner] Could not parse the argument value '' for StartupType. Defaulting to Manual
[2024-03-30 02:39:08Z INFO Runner] Set runner startup type - Manual
[2024-03-30 02:39:08Z INFO CommandSettings] Flag 'once': 'False'
[2024-03-30 02:39:08Z INFO CommandSettings] Flag 'once': 'False'
[2024-03-30 02:39:08Z INFO Runner] RunAsync
[2024-03-30 02:39:08Z INFO ConfigurationManager] LoadSettings
[2024-03-30 02:39:08Z INFO ConfigurationStore] IsConfigured()
[2024-03-30 02:39:08Z INFO ConfigurationStore] IsConfigured: True
[2024-03-30 02:39:08Z INFO ConfigurationManager] Is configured: True
[2024-03-30 02:39:08Z INFO ConfigurationManager] Settings Loaded
[2024-03-30 02:39:08Z INFO MessageListener] {
  "AgentId": 2,
  "AgentName": "deployment",
  "PoolId": 1,
  "PoolName": "Default",
  "ServerUrl": "https://pipelinesghubeus9.actions.githubusercontent.com/4PLhgzEaoD2jOX3DJwLjNxIoeEf2L1x2LWhaqqYUPdGbnGlxWT/",
  "GitHubUrl": "https://github.com/RiyanFaroqui/lystify",
  "WorkFolder": "deploy"
}
[2024-03-30 02:39:08Z INFO MessageListener] Loading Credentials
[2024-03-30 02:39:08Z INFO ConfigurationStore] HasCredentials()
[2024-03-30 02:39:08Z INFO ConfigurationStore] stored True
[2024-03-30 02:39:08Z INFO CredentialManager] GetCredentialProvider
[2024-03-30 02:39:08Z INFO CredentialManager] Creating type OAuth
[2024-03-30 02:39:08Z INFO CredentialManager] Creating credential type: OAuth
[2024-03-30 02:39:08Z INFO HostContext] Well known directory 'Bin': 'D:\ful stack web apps\lystify\actions-runner\bin'
[2024-03-30 02:39:08Z INFO HostContext] Well known directory 'Root': 'D:\ful stack web apps\lystify\actions-runner'
[2024-03-30 02:39:08Z INFO HostContext] Well known config file 'RSACredentials': 'D:\ful stack web apps\lystify\actions-runner\.credentials_rsaparams'
[2024-03-30 02:39:08Z INFO RSAEncryptedFileKeyManager] Loading RSA key parameters from file D:\ful stack web apps\lystify\actions-runner\.credentials_rsaparams
[2024-03-30 02:39:08Z INFO MessageListener] Attempt to create session.
[2024-03-30 02:39:08Z INFO MessageListener] Connecting to the Runner Server...
[2024-03-30 02:39:08Z INFO RunnerServer] EstablishVssConnection
[2024-03-30 02:39:08Z INFO RunnerServer] Establish connection with 100 seconds timeout.
[2024-03-30 02:39:08Z INFO GitHubActionsService] Starting operation Location.GetConnectionData
[2024-03-30 02:39:08Z INFO RunnerServer] EstablishVssConnection
[2024-03-30 02:39:08Z INFO RunnerServer] Establish connection with 60 seconds timeout.
[2024-03-30 02:39:08Z INFO GitHubActionsService] Starting operation Location.GetConnectionData
[2024-03-30 02:39:08Z INFO RunnerServer] EstablishVssConnection
[2024-03-30 02:39:08Z INFO RunnerServer] Establish connection with 60 seconds timeout.
[2024-03-30 02:39:08Z INFO GitHubActionsService] Starting operation Location.GetConnectionData
[2024-03-30 02:39:08Z INFO GitHubActionsService] Finished operation Location.GetConnectionData
[2024-03-30 02:39:08Z INFO GitHubActionsService] Finished operation Location.GetConnectionData
[2024-03-30 02:39:08Z INFO GitHubActionsService] Finished operation Location.GetConnectionData
[2024-03-30 02:39:08Z INFO MessageListener] VssConnection created
[2024-03-30 02:39:08Z INFO Terminal] WRITE LINE: 
[2024-03-30 02:39:08Z INFO Terminal] WRITE LINE: 
[2024-03-30 02:39:08Z INFO RSAEncryptedFileKeyManager] Loading RSA key parameters from file D:\ful stack web apps\lystify\actions-runner\.credentials_rsaparams
[2024-03-30 02:39:08Z INFO RSAEncryptedFileKeyManager] Loading RSA key parameters from file D:\ful stack web apps\lystify\actions-runner\.credentials_rsaparams
[2024-03-30 02:39:08Z INFO GitHubActionsService] AAD Correlation ID for this token request: Unknown
[2024-03-30 02:39:08Z INFO MessageListener] Session created.
[2024-03-30 02:39:08Z INFO Terminal] WRITE LINE: Current runner version: '2.314.1'
[2024-03-30 02:39:08Z INFO Terminal] WRITE LINE: 2024-03-30 02:39:08Z: Listening for Jobs
[2024-03-30 02:39:08Z INFO JobDispatcher] Set runner/worker IPC timeout to 30 seconds.
[2024-03-30 02:39:09Z INFO RSAEncryptedFileKeyManager] Loading RSA key parameters from file D:\ful stack web apps\lystify\actions-runner\.credentials_rsaparams
[2024-03-30 02:39:09Z INFO MessageListener] Message '2' received from session 'b2f60fd2-15b4-4386-9cdc-a1b8abd5db52'.
[2024-03-30 02:39:09Z INFO Runner] Received job message of length 23564 from service, with hash '1bd4c2421b0069deb61b62b70db136a8e9a0a56db6521cb31745755353b0f25c'
[2024-03-30 02:39:10Z INFO JobDispatcher] Job request 2 for plan cd8cd2d4-d2c6-4d80-ba73-42b7f6908d58 job c269f388-e93f-55df-e42c-8ad0a472b48b received.
[2024-03-30 02:39:10Z INFO JobDispatcher] Pull OrchestrationId cd8cd2d4-d2c6-4d80-ba73-42b7f6908d58.build._16_x from JWT claims
[2024-03-30 02:39:10Z INFO MessageListener] Received job status event. JobState: Busy
[2024-03-30 02:39:10Z INFO MessageListener] _getMessagesTokenSource is already disposed.
[2024-03-30 02:39:10Z INFO Terminal] WRITE LINE: 2024-03-30 02:39:10Z: Running job: build (16.x)
[2024-03-30 02:39:10Z INFO JobDispatcher] Start renew job request 2 for job c269f388-e93f-55df-e42c-8ad0a472b48b.
[2024-03-30 02:39:10Z INFO JobDispatcher] Successfully renew job request 2, job is valid till 2024-03-30 2:49:11 AM
[2024-03-30 02:39:10Z INFO HostContext] Well known directory 'Bin': 'D:\ful stack web apps\lystify\actions-runner\bin'
[2024-03-30 02:39:10Z INFO ProcessInvokerWrapper] Starting process:
[2024-03-30 02:39:10Z INFO ProcessInvokerWrapper]   File name: 'D:\ful stack web apps\lystify\actions-runner\bin\Runner.Worker.exe'
[2024-03-30 02:39:10Z INFO ProcessInvokerWrapper]   Arguments: 'spawnclient 1932 2332'
[2024-03-30 02:39:10Z INFO ProcessInvokerWrapper]   Working directory: 'D:\ful stack web apps\lystify\actions-runner\bin'
[2024-03-30 02:39:10Z INFO ProcessInvokerWrapper]   Require exit code zero: 'False'
[2024-03-30 02:39:10Z INFO ProcessInvokerWrapper]   Encoding web name:  ; code page: ''
[2024-03-30 02:39:10Z INFO ProcessInvokerWrapper]   Force kill process on cancellation: 'True'
[2024-03-30 02:39:10Z INFO ProcessInvokerWrapper]   Redirected STDIN: 'False'
[2024-03-30 02:39:10Z INFO ProcessInvokerWrapper]   Persist current code page: 'False'
[2024-03-30 02:39:10Z INFO ProcessInvokerWrapper]   Keep redirected STDIN open: 'False'
[2024-03-30 02:39:10Z INFO ProcessInvokerWrapper]   High priority process: 'True'
[2024-03-30 02:39:10Z INFO ProcessInvokerWrapper] Process started with process id 13660, waiting for process exit.
[2024-03-30 02:39:10Z INFO JobDispatcher] Send job request message to worker for job c269f388-e93f-55df-e42c-8ad0a472b48b.
[2024-03-30 02:39:10Z INFO ProcessChannel] Sending message of length 23564, with hash '1bd4c2421b0069deb61b62b70db136a8e9a0a56db6521cb31745755353b0f25c'
[2024-03-30 02:39:10Z INFO JobNotification] Entering JobStarted Notification
[2024-03-30 02:39:10Z INFO JobNotification] Entering StartMonitor
[2024-03-30 02:39:12Z INFO RSAEncryptedFileKeyManager] Loading RSA key parameters from file D:\ful stack web apps\lystify\actions-runner\.credentials_rsaparams
[2024-03-30 02:39:12Z INFO MessageListener] Message '3' received from session 'b2f60fd2-15b4-4386-9cdc-a1b8abd5db52'.
[2024-03-30 02:39:12Z INFO JobDispatcher] Job cancellation request c269f388-e93f-55df-e42c-8ad0a472b48b received, cancellation timeout 5 minutes.
[2024-03-30 02:39:12Z INFO JobDispatcher] Send job cancellation message to worker for job c269f388-e93f-55df-e42c-8ad0a472b48b.
[2024-03-30 02:39:12Z INFO ProcessChannel] Sending message of length 0, with hash 'e3b0c44298fc1c149afbf4c8996fb92427ae41e4649b934ca495991b7852b855'
[2024-03-30 02:39:14Z INFO ProcessInvokerWrapper] STDOUT/STDERR stream read finished.
[2024-03-30 02:39:14Z INFO ProcessInvokerWrapper] STDOUT/STDERR stream read finished.
[2024-03-30 02:39:14Z INFO ProcessInvokerWrapper] Finished process 13660 with exit code 103, and elapsed time 00:00:03.9768573.
[2024-03-30 02:39:14Z INFO JobDispatcher] finish job request for job c269f388-e93f-55df-e42c-8ad0a472b48b with result: Canceled
[2024-03-30 02:39:14Z INFO Terminal] WRITE LINE: 2024-03-30 02:39:14Z: Job build (16.x) completed with result: Canceled
[2024-03-30 02:39:14Z INFO JobDispatcher] Stop renew job request for job c269f388-e93f-55df-e42c-8ad0a472b48b.
[2024-03-30 02:39:14Z INFO JobDispatcher] job renew has been cancelled, stop renew job request 2.
[2024-03-30 02:39:14Z INFO JobNotification] Entering JobCompleted Notification
[2024-03-30 02:39:14Z INFO JobNotification] Entering EndMonitor
[2024-03-30 02:39:14Z INFO MessageListener] Received job status event. JobState: Online
[2024-03-30 02:39:14Z WARN GitHubActionsService] GET request to https://pipelinesghubeus9.actions.githubusercontent.com/4PLhgzEaoD2jOX3DJwLjNxIoeEf2L1x2LWhaqqYUPdGbnGlxWT/_apis/distributedtask/pools/1/messages?sessionId=b2f60fd2-15b4-4386-9cdc-a1b8abd5db52&lastMessageId=3&status=Busy&runnerVersion=2.314.1&os=Windows&architecture=X64&disableUpdate=false has been cancelled.
[2024-03-30 02:39:14Z INFO MessageListener] Get messages has been cancelled using local token source. Continue to get messages with new status.
[2024-03-30 02:41:30Z INFO RSAEncryptedFileKeyManager] Loading RSA key parameters from file D:\ful stack web apps\lystify\actions-runner\.credentials_rsaparams
[2024-03-30 02:41:30Z INFO MessageListener] Message '4' received from session 'b2f60fd2-15b4-4386-9cdc-a1b8abd5db52'.
[2024-03-30 02:41:30Z INFO Runner] Received job message of length 23563 from service, with hash '6b1ab163deb7297a955bbbb47168c8e1ae4e6988effa3088e6d4b89defbf3124'
[2024-03-30 02:41:30Z INFO JobDispatcher] Job request 4 for plan 3129ae00-2730-40c7-9d4f-50187a32d6b8 job 6621f301-ad18-5d46-97dd-869f4cb20c65 received.
[2024-03-30 02:41:30Z INFO JobDispatcher] Pull OrchestrationId 3129ae00-2730-40c7-9d4f-50187a32d6b8.build._18_x from JWT claims
[2024-03-30 02:41:30Z INFO MessageListener] Received job status event. JobState: Busy
[2024-03-30 02:41:30Z INFO MessageListener] _getMessagesTokenSource is already disposed.
[2024-03-30 02:41:30Z INFO JobDispatcher] Job request c269f388-e93f-55df-e42c-8ad0a472b48b processed succeed.
[2024-03-30 02:41:30Z INFO Terminal] WRITE LINE: 2024-03-30 02:41:30Z: Running job: build (18.x)
[2024-03-30 02:41:30Z INFO JobDispatcher] Start renew job request 4 for job 6621f301-ad18-5d46-97dd-869f4cb20c65.
[2024-03-30 02:41:30Z INFO JobDispatcher] Successfully renew job request 4, job is valid till 2024-03-30 2:51:31 AM
[2024-03-30 02:41:30Z INFO HostContext] Well known directory 'Bin': 'D:\ful stack web apps\lystify\actions-runner\bin'
[2024-03-30 02:41:30Z INFO ProcessInvokerWrapper] Starting process:
[2024-03-30 02:41:30Z INFO ProcessInvokerWrapper]   File name: 'D:\ful stack web apps\lystify\actions-runner\bin\Runner.Worker.exe'
[2024-03-30 02:41:30Z INFO ProcessInvokerWrapper]   Arguments: 'spawnclient 2308 1708'
[2024-03-30 02:41:30Z INFO ProcessInvokerWrapper]   Working directory: 'D:\ful stack web apps\lystify\actions-runner\bin'
[2024-03-30 02:41:30Z INFO ProcessInvokerWrapper]   Require exit code zero: 'False'
[2024-03-30 02:41:30Z INFO ProcessInvokerWrapper]   Encoding web name:  ; code page: ''
[2024-03-30 02:41:30Z INFO ProcessInvokerWrapper]   Force kill process on cancellation: 'True'
[2024-03-30 02:41:30Z INFO ProcessInvokerWrapper]   Redirected STDIN: 'False'
[2024-03-30 02:41:30Z INFO ProcessInvokerWrapper]   Persist current code page: 'False'
[2024-03-30 02:41:30Z INFO ProcessInvokerWrapper]   Keep redirected STDIN open: 'False'
[2024-03-30 02:41:30Z INFO ProcessInvokerWrapper]   High priority process: 'True'
[2024-03-30 02:41:30Z INFO ProcessInvokerWrapper] Process started with process id 23820, waiting for process exit.
[2024-03-30 02:41:30Z INFO JobDispatcher] Send job request message to worker for job 6621f301-ad18-5d46-97dd-869f4cb20c65.
[2024-03-30 02:41:30Z INFO ProcessChannel] Sending message of length 23563, with hash '6b1ab163deb7297a955bbbb47168c8e1ae4e6988effa3088e6d4b89defbf3124'
[2024-03-30 02:41:30Z INFO JobNotification] Entering JobStarted Notification
[2024-03-30 02:41:30Z INFO JobNotification] Entering StartMonitor
[2024-03-30 02:42:30Z INFO JobDispatcher] Successfully renew job request 4, job is valid till 2024-03-30 2:52:31 AM
[2024-03-30 02:43:13Z INFO ProcessInvokerWrapper] STDOUT/STDERR stream read finished.
[2024-03-30 02:43:13Z INFO ProcessInvokerWrapper] STDOUT/STDERR stream read finished.
[2024-03-30 02:43:13Z INFO ProcessInvokerWrapper] Finished process 23820 with exit code 100, and elapsed time 00:01:42.9000695.
[2024-03-30 02:43:13Z INFO JobDispatcher] Worker finished for job 6621f301-ad18-5d46-97dd-869f4cb20c65. Code: 100
[2024-03-30 02:43:13Z INFO JobDispatcher] finish job request for job 6621f301-ad18-5d46-97dd-869f4cb20c65 with result: Succeeded
[2024-03-30 02:43:13Z INFO Terminal] WRITE LINE: 2024-03-30 02:43:13Z: Job build (18.x) completed with result: Succeeded
[2024-03-30 02:43:13Z INFO JobDispatcher] Stop renew job request for job 6621f301-ad18-5d46-97dd-869f4cb20c65.
[2024-03-30 02:43:13Z INFO JobDispatcher] job renew has been cancelled, stop renew job request 4.
[2024-03-30 02:43:13Z INFO JobNotification] Entering JobCompleted Notification
[2024-03-30 02:43:13Z INFO JobNotification] Entering EndMonitor
[2024-03-30 02:43:13Z INFO MessageListener] Received job status event. JobState: Online
[2024-03-30 02:43:13Z WARN GitHubActionsService] GET request to https://pipelinesghubeus9.actions.githubusercontent.com/4PLhgzEaoD2jOX3DJwLjNxIoeEf2L1x2LWhaqqYUPdGbnGlxWT/_apis/distributedtask/pools/1/messages?sessionId=b2f60fd2-15b4-4386-9cdc-a1b8abd5db52&lastMessageId=4&status=Busy&runnerVersion=2.314.1&os=Windows&architecture=X64&disableUpdate=false has been cancelled.
[2024-03-30 02:43:13Z INFO MessageListener] Get messages has been cancelled using local token source. Continue to get messages with new status.
[2024-03-30 02:51:27Z INFO Terminal] WRITE LINE: Exiting...
[2024-03-30 02:51:27Z INFO ConfigurationStore] IsServiceConfigured()
[2024-03-30 02:51:27Z INFO ConfigurationStore] IsServiceConfigured: False
[2024-03-30 02:51:27Z INFO HostContext] Runner will be shutdown for UserCancelled
[2024-03-30 02:51:27Z WARN GitHubActionsService] GET request to https://pipelinesghubeus9.actions.githubusercontent.com/4PLhgzEaoD2jOX3DJwLjNxIoeEf2L1x2LWhaqqYUPdGbnGlxWT/_apis/distributedtask/pools/1/messages?sessionId=b2f60fd2-15b4-4386-9cdc-a1b8abd5db52&lastMessageId=4&status=Online&runnerVersion=2.314.1&os=Windows&architecture=X64&disableUpdate=false has been cancelled.
[2024-03-30 02:51:27Z INFO MessageListener] Get next message has been cancelled.
[2024-03-30 02:51:27Z INFO JobDispatcher] Shutting down JobDispatcher. Make sure all WorkerDispatcher has finished.
[2024-03-30 02:51:27Z INFO JobDispatcher] Ensure WorkerDispatcher for job 6621f301-ad18-5d46-97dd-869f4cb20c65 run to finish, cancel any running job.
[2024-03-30 02:51:27Z INFO JobDispatcher] Job request 6621f301-ad18-5d46-97dd-869f4cb20c65 processed succeed.
[2024-03-30 02:51:27Z INFO Runner] Deleting Runner Session...
[2024-03-30 02:51:27Z INFO Listener] Runner execution been cancelled.
