[2024-03-30 02:35:13Z INFO HostContext] No proxy settings were found based on environmental variables (http_proxy/https_proxy/HTTP_PROXY/HTTPS_PROXY)
[2024-03-30 02:35:13Z INFO HostContext] Well known directory 'Bin': 'D:\ful stack web apps\lystify\actions-runner\bin'
[2024-03-30 02:35:13Z INFO HostContext] Well known directory 'Root': 'D:\ful stack web apps\lystify\actions-runner'
[2024-03-30 02:35:13Z INFO HostContext] Well known config file 'Credentials': 'D:\ful stack web apps\lystify\actions-runner\.credentials'
[2024-03-30 02:35:13Z INFO HostContext] Well known directory 'Bin': 'D:\ful stack web apps\lystify\actions-runner\bin'
[2024-03-30 02:35:13Z INFO HostContext] Well known directory 'Root': 'D:\ful stack web apps\lystify\actions-runner'
[2024-03-30 02:35:13Z INFO HostContext] Well known config file 'Runner': 'D:\ful stack web apps\lystify\actions-runner\.runner'
[2024-03-30 02:35:13Z INFO Listener] Runner is built for Windows (X64) - win-x64.
[2024-03-30 02:35:13Z INFO Listener] RuntimeInformation: Microsoft Windows 10.0.22631.
[2024-03-30 02:35:13Z INFO Listener] Version: 2.314.1
[2024-03-30 02:35:13Z INFO Listener] Commit: 976290d966e6cc3e748a49bf8fdbe139ff764201
[2024-03-30 02:35:13Z INFO Listener] Culture: en-CA
[2024-03-30 02:35:13Z INFO Listener] UI Culture: en-US
[2024-03-30 02:35:13Z INFO HostContext] Well known directory 'Bin': 'D:\ful stack web apps\lystify\actions-runner\bin'
[2024-03-30 02:35:13Z INFO HostContext] Well known directory 'Root': 'D:\ful stack web apps\lystify\actions-runner'
[2024-03-30 02:35:13Z INFO Listener] Validating directory permissions for: 'D:\ful stack web apps\lystify\actions-runner'
[2024-03-30 02:35:13Z INFO CommandLineParser] Parse
[2024-03-30 02:35:13Z INFO CommandLineParser] Parsing 5 args
[2024-03-30 02:35:13Z INFO CommandLineParser] parsing argument
[2024-03-30 02:35:13Z INFO CommandLineParser] HasArgs: False
[2024-03-30 02:35:13Z INFO CommandLineParser] Adding Command: configure
[2024-03-30 02:35:13Z INFO CommandLineParser] parsing argument
[2024-03-30 02:35:13Z INFO CommandLineParser] HasArgs: True
[2024-03-30 02:35:13Z INFO CommandLineParser] arg: url
[2024-03-30 02:35:13Z INFO CommandLineParser] parsing argument
[2024-03-30 02:35:13Z INFO CommandLineParser] HasArgs: True
[2024-03-30 02:35:13Z INFO CommandLineParser] Adding option 'url': 'https://github.com/RiyanFaroqui/lystify'
[2024-03-30 02:35:13Z INFO CommandLineParser] parsing argument
[2024-03-30 02:35:13Z INFO CommandLineParser] HasArgs: True
[2024-03-30 02:35:13Z INFO CommandLineParser] arg: token
[2024-03-30 02:35:13Z INFO CommandLineParser] parsing argument
[2024-03-30 02:35:13Z INFO CommandLineParser] HasArgs: True
[2024-03-30 02:35:13Z INFO CommandLineParser] Adding option 'token': '***'
[2024-03-30 02:35:13Z INFO Listener] Arguments parsed
[2024-03-30 02:35:13Z INFO Runner] ExecuteCommand
[2024-03-30 02:35:13Z INFO ConfigurationStore] currentAssemblyLocation: D:\ful stack web apps\lystify\actions-runner\bin\Runner.Listener.dll
[2024-03-30 02:35:13Z INFO HostContext] Well known directory 'Bin': 'D:\ful stack web apps\lystify\actions-runner\bin'
[2024-03-30 02:35:13Z INFO ConfigurationStore] binPath: D:\ful stack web apps\lystify\actions-runner\bin
[2024-03-30 02:35:13Z INFO HostContext] Well known directory 'Bin': 'D:\ful stack web apps\lystify\actions-runner\bin'
[2024-03-30 02:35:13Z INFO HostContext] Well known directory 'Root': 'D:\ful stack web apps\lystify\actions-runner'
[2024-03-30 02:35:13Z INFO ConfigurationStore] RootFolder: D:\ful stack web apps\lystify\actions-runner
[2024-03-30 02:35:13Z INFO HostContext] Well known directory 'Bin': 'D:\ful stack web apps\lystify\actions-runner\bin'
[2024-03-30 02:35:13Z INFO HostContext] Well known directory 'Root': 'D:\ful stack web apps\lystify\actions-runner'
[2024-03-30 02:35:13Z INFO HostContext] Well known config file 'Runner': 'D:\ful stack web apps\lystify\actions-runner\.runner'
[2024-03-30 02:35:13Z INFO ConfigurationStore] ConfigFilePath: D:\ful stack web apps\lystify\actions-runner\.runner
[2024-03-30 02:35:13Z INFO HostContext] Well known directory 'Bin': 'D:\ful stack web apps\lystify\actions-runner\bin'
[2024-03-30 02:35:13Z INFO HostContext] Well known directory 'Root': 'D:\ful stack web apps\lystify\actions-runner'
[2024-03-30 02:35:13Z INFO HostContext] Well known config file 'Credentials': 'D:\ful stack web apps\lystify\actions-runner\.credentials'
[2024-03-30 02:35:13Z INFO ConfigurationStore] CredFilePath: D:\ful stack web apps\lystify\actions-runner\.credentials
[2024-03-30 02:35:13Z INFO HostContext] Well known directory 'Bin': 'D:\ful stack web apps\lystify\actions-runner\bin'
[2024-03-30 02:35:13Z INFO HostContext] Well known directory 'Root': 'D:\ful stack web apps\lystify\actions-runner'
[2024-03-30 02:35:13Z INFO HostContext] Well known config file 'MigratedCredentials': 'D:\ful stack web apps\lystify\actions-runner\.credentials_migrated'
[2024-03-30 02:35:13Z INFO ConfigurationStore] MigratedCredFilePath: D:\ful stack web apps\lystify\actions-runner\.credentials_migrated
[2024-03-30 02:35:13Z INFO HostContext] Well known directory 'Bin': 'D:\ful stack web apps\lystify\actions-runner\bin'
[2024-03-30 02:35:13Z INFO HostContext] Well known directory 'Root': 'D:\ful stack web apps\lystify\actions-runner'
[2024-03-30 02:35:13Z INFO HostContext] Well known config file 'Service': 'D:\ful stack web apps\lystify\actions-runner\.service'
[2024-03-30 02:35:13Z INFO ConfigurationStore] ServiceConfigFilePath: D:\ful stack web apps\lystify\actions-runner\.service
[2024-03-30 02:35:13Z INFO CommandSettings] Flag 'help': 'False'
[2024-03-30 02:35:13Z INFO CommandSettings] Flag 'version': 'False'
[2024-03-30 02:35:13Z INFO CommandSettings] Flag 'commit': 'False'
[2024-03-30 02:35:13Z INFO CommandSettings] Flag 'check': 'False'
[2024-03-30 02:35:13Z INFO CommandSettings] Command 'configure': 'True'
[2024-03-30 02:35:13Z INFO Terminal] WRITE LINE: 
[2024-03-30 02:35:13Z INFO Terminal] WRITE LINE: --------------------------------------------------------------------------------
[2024-03-30 02:35:13Z INFO Terminal] WRITE LINE: |        ____ _ _   _   _       _          _        _   _                      |
[2024-03-30 02:35:13Z INFO Terminal] WRITE LINE: |       / ___(_) |_| | | |_   _| |__      / \   ___| |_(_) ___  _ __  ___      |
[2024-03-30 02:35:13Z INFO Terminal] WRITE LINE: |      | |  _| | __| |_| | | | | '_ \    / _ \ / __| __| |/ _ \| '_ \/ __|     |
[2024-03-30 02:35:13Z INFO Terminal] WRITE LINE: |      | |_| | | |_|  _  | |_| | |_) |  / ___ \ (__| |_| | (_) | | | \__ \     |
[2024-03-30 02:35:13Z INFO Terminal] WRITE LINE: |       \____|_|\__|_| |_|\__,_|_.__/  /_/   \_\___|\__|_|\___/|_| |_|___/     |
[2024-03-30 02:35:13Z INFO Terminal] WRITE LINE: |                                                                              |
[2024-03-30 02:35:13Z INFO Terminal] WRITE: |                       
[2024-03-30 02:35:13Z INFO Terminal] WRITE: Self-hosted runner registration
[2024-03-30 02:35:13Z INFO Terminal] WRITE LINE:                         |
[2024-03-30 02:35:13Z INFO Terminal] WRITE LINE: |                                                                              |
[2024-03-30 02:35:13Z INFO Terminal] WRITE LINE: --------------------------------------------------------------------------------
[2024-03-30 02:35:13Z INFO ConfigurationManager] ConfigureAsync
[2024-03-30 02:35:13Z INFO CommandSettings] Flag 'generateServiceConfig': 'False'
[2024-03-30 02:35:13Z INFO ConfigurationStore] IsConfigured()
[2024-03-30 02:35:13Z INFO ConfigurationStore] IsConfigured: False
[2024-03-30 02:35:13Z INFO ConfigurationManager] Is configured: False
[2024-03-30 02:35:13Z INFO CommandSettings] Arg 'url': 'https://github.com/RiyanFaroqui/lystify'
[2024-03-30 02:35:13Z INFO CommandSettings] Remove url from Arg dictionary.
[2024-03-30 02:35:13Z INFO CommandSettings] Arg 'token': '***'
[2024-03-30 02:35:13Z INFO CommandSettings] Remove token from Arg dictionary.
[2024-03-30 02:35:14Z INFO ConfigurationManager] Http response code: OK from 'POST https://api.github.com/actions/runner-registration' (C33B:3D116:2687B82:3C36792:66077A63)
[2024-03-30 02:35:14Z INFO ConfigurationManager] Using V2 flow: False
[2024-03-30 02:35:14Z INFO ConfigurationManager] cred retrieved via GitHub auth
[2024-03-30 02:35:14Z INFO RunnerServer] EstablishVssConnection
[2024-03-30 02:35:14Z INFO RunnerServer] Establish connection with 100 seconds timeout.
[2024-03-30 02:35:14Z INFO GitHubActionsService] Starting operation Location.GetConnectionData
[2024-03-30 02:35:14Z INFO RunnerServer] EstablishVssConnection
[2024-03-30 02:35:14Z INFO RunnerServer] Establish connection with 60 seconds timeout.
[2024-03-30 02:35:14Z INFO GitHubActionsService] Starting operation Location.GetConnectionData
[2024-03-30 02:35:14Z INFO RunnerServer] EstablishVssConnection
[2024-03-30 02:35:14Z INFO RunnerServer] Establish connection with 60 seconds timeout.
[2024-03-30 02:35:14Z INFO GitHubActionsService] Starting operation Location.GetConnectionData
[2024-03-30 02:35:14Z INFO GitHubActionsService] Finished operation Location.GetConnectionData
[2024-03-30 02:35:14Z INFO GitHubActionsService] Finished operation Location.GetConnectionData
[2024-03-30 02:35:14Z INFO GitHubActionsService] Finished operation Location.GetConnectionData
[2024-03-30 02:35:14Z INFO Terminal] WRITE LINE: 
[2024-03-30 02:35:14Z INFO ConfigurationManager] Test Connection complete.
[2024-03-30 02:35:14Z INFO HostContext] Well known directory 'Bin': 'D:\ful stack web apps\lystify\actions-runner\bin'
[2024-03-30 02:35:14Z INFO HostContext] Well known directory 'Root': 'D:\ful stack web apps\lystify\actions-runner'
[2024-03-30 02:35:14Z INFO HostContext] Well known config file 'RSACredentials': 'D:\ful stack web apps\lystify\actions-runner\.credentials_rsaparams'
[2024-03-30 02:35:14Z INFO RSAEncryptedFileKeyManager] Found existing RSA key parameters file D:\ful stack web apps\lystify\actions-runner\.credentials_rsaparams
[2024-03-30 02:35:15Z INFO CommandSettings] Arg 'runnergroup': ''
[2024-03-30 02:35:15Z INFO CommandSettings] Flag 'unattended': 'False'
[2024-03-30 02:35:15Z INFO PromptManager] ReadValue
[2024-03-30 02:35:15Z INFO Terminal] WRITE: Enter the name of the runner group to add this runner to: 
[2024-03-30 02:35:15Z INFO Terminal] WRITE: [press Enter for Default] 
[2024-03-30 02:35:15Z INFO Terminal] READ LINE
[2024-03-30 02:35:16Z INFO Terminal] Read value: ''
[2024-03-30 02:35:16Z INFO PromptManager] Falling back to the default: 'Default'
[2024-03-30 02:35:16Z INFO Terminal] WRITE LINE: 
[2024-03-30 02:35:16Z INFO ConfigurationManager] Found a self-hosted runner group with id 1 and name Default
[2024-03-30 02:35:16Z INFO CommandSettings] Flag 'disableupdate': 'False'
[2024-03-30 02:35:16Z INFO CommandSettings] Flag 'ephemeral': 'False'
[2024-03-30 02:35:16Z INFO CommandSettings] Arg 'name': ''
[2024-03-30 02:35:16Z INFO CommandSettings] Flag 'unattended': 'False'
[2024-03-30 02:35:16Z INFO PromptManager] ReadValue
[2024-03-30 02:35:16Z INFO Terminal] WRITE: Enter the name of runner: 
[2024-03-30 02:35:16Z INFO Terminal] WRITE: [press Enter for ROGFLOWX13] 
[2024-03-30 02:35:16Z INFO Terminal] READ LINE
[2024-03-30 02:35:22Z INFO Terminal] Read value: 'deployment'
[2024-03-30 02:35:22Z INFO Terminal] WRITE LINE: 
[2024-03-30 02:35:22Z INFO CommandSettings] Arg 'labels': ''
[2024-03-30 02:35:22Z INFO CommandSettings] Flag 'unattended': 'False'
[2024-03-30 02:35:22Z INFO PromptManager] ReadValue
[2024-03-30 02:35:22Z INFO Terminal] WRITE: This runner will have the following labels: 'self-hosted', 'Windows', 'X64' 
Enter any additional labels (ex. label-1,label-2): 
[2024-03-30 02:35:22Z INFO Terminal] WRITE: [press Enter to skip] 
[2024-03-30 02:35:22Z INFO Terminal] READ LINE
[2024-03-30 02:35:37Z INFO Terminal] Read value: ''
[2024-03-30 02:35:37Z INFO Terminal] WRITE LINE: 
[2024-03-30 02:35:38Z INFO CommandSettings] Flag 'disableupdate': 'False'
[2024-03-30 02:35:38Z INFO CommandSettings] Flag 'no-default-labels': 'False'
[2024-03-30 02:35:38Z INFO CommandSettings] Flag 'disableupdate': 'False'
[2024-03-30 02:35:38Z INFO CommandSettings] Flag 'ephemeral': 'False'
[2024-03-30 02:35:38Z INFO ConfigurationStore] Saving OAuth credential @ D:\ful stack web apps\lystify\actions-runner\.credentials
[2024-03-30 02:35:38Z INFO ConfigurationStore] Credentials Saved.
[2024-03-30 02:35:38Z INFO ConfigurationStore] HasCredentials()
[2024-03-30 02:35:38Z INFO ConfigurationStore] stored True
[2024-03-30 02:35:38Z INFO CredentialManager] GetCredentialProvider
[2024-03-30 02:35:38Z INFO CredentialManager] Creating type OAuth
[2024-03-30 02:35:38Z INFO CredentialManager] Creating credential type: OAuth
[2024-03-30 02:35:38Z INFO RSAEncryptedFileKeyManager] Loading RSA key parameters from file D:\ful stack web apps\lystify\actions-runner\.credentials_rsaparams
[2024-03-30 02:35:38Z INFO RunnerServer] EstablishVssConnection
[2024-03-30 02:35:38Z INFO RunnerServer] Establish connection with 100 seconds timeout.
[2024-03-30 02:35:38Z INFO GitHubActionsService] Starting operation Location.GetConnectionData
[2024-03-30 02:35:38Z INFO RunnerServer] EstablishVssConnection
[2024-03-30 02:35:38Z INFO RunnerServer] Establish connection with 60 seconds timeout.
[2024-03-30 02:35:38Z INFO GitHubActionsService] Starting operation Location.GetConnectionData
[2024-03-30 02:35:38Z INFO RunnerServer] EstablishVssConnection
[2024-03-30 02:35:38Z INFO RunnerServer] Establish connection with 60 seconds timeout.
[2024-03-30 02:35:38Z INFO GitHubActionsService] Starting operation Location.GetConnectionData
[2024-03-30 02:35:38Z INFO GitHubActionsService] Finished operation Location.GetConnectionData
[2024-03-30 02:35:38Z INFO GitHubActionsService] Finished operation Location.GetConnectionData
[2024-03-30 02:35:38Z INFO GitHubActionsService] Finished operation Location.GetConnectionData
[2024-03-30 02:35:38Z INFO RSAEncryptedFileKeyManager] Loading RSA key parameters from file D:\ful stack web apps\lystify\actions-runner\.credentials_rsaparams
[2024-03-30 02:35:38Z INFO RSAEncryptedFileKeyManager] Loading RSA key parameters from file D:\ful stack web apps\lystify\actions-runner\.credentials_rsaparams
[2024-03-30 02:35:38Z INFO GitHubActionsService] AAD Correlation ID for this token request: Unknown
[2024-03-30 02:35:38Z INFO CommandSettings] Arg 'work': ''
[2024-03-30 02:35:38Z INFO CommandSettings] Flag 'unattended': 'False'
[2024-03-30 02:35:38Z INFO PromptManager] ReadValue
[2024-03-30 02:35:38Z INFO Terminal] WRITE: Enter name of work folder: 
[2024-03-30 02:35:38Z INFO Terminal] WRITE: [press Enter for _work] 
[2024-03-30 02:35:38Z INFO Terminal] READ LINE
[2024-03-30 02:36:18Z INFO Terminal] Read value: 'deploy'
[2024-03-30 02:36:18Z INFO ConfigurationStore] Saving runner settings.
[2024-03-30 02:36:18Z INFO ConfigurationStore] Settings Saved.
[2024-03-30 02:36:18Z INFO Terminal] WRITE LINE: 
[2024-03-30 02:36:18Z INFO Terminal] WRITE LINE: 
[2024-03-30 02:36:18Z INFO CommandSettings] Flag 'runasservice': 'False'
[2024-03-30 02:36:18Z INFO CommandSettings] Flag 'unattended': 'False'
[2024-03-30 02:36:18Z INFO PromptManager] ReadValue
[2024-03-30 02:36:18Z INFO Terminal] WRITE: Would you like to run the runner as service? (Y/N) 
[2024-03-30 02:36:18Z INFO Terminal] WRITE: [press Enter for N] 
[2024-03-30 02:36:18Z INFO Terminal] READ LINE
[2024-03-30 02:36:24Z INFO Terminal] Read value: 'y'
[2024-03-30 02:36:24Z INFO ConfigurationManager] Configuring to run the agent as service
[2024-03-30 02:36:24Z ERR  WindowsServiceControlManager] Needs Administrator privileges for configure runner as windows service.
[2024-03-30 02:36:24Z ERR  Runner] System.Security.SecurityException: Needs Administrator privileges for configuring runner as windows service.
   at GitHub.Runner.Listener.Configuration.WindowsServiceControlManager.ConfigureService(RunnerSettings settings, CommandSettings command)
   at GitHub.Runner.Listener.Configuration.ConfigurationManager.ConfigureAsync(CommandSettings command)
   at GitHub.Runner.Listener.Runner.ExecuteCommand(CommandSettings command)
[2024-03-30 02:36:24Z ERR  Terminal] WRITE ERROR: Needs Administrator privileges for configuring runner as windows service.
[2024-03-30 02:36:24Z INFO Listener] Runner execution has finished with return code 1
