[2024-03-30 02:34:33Z INFO HostContext] No proxy settings were found based on environmental variables (http_proxy/https_proxy/HTTP_PROXY/HTTPS_PROXY)
[2024-03-30 02:34:33Z INFO HostContext] Well known directory 'Bin': 'D:\ful stack web apps\lystify\actions-runner\bin'
[2024-03-30 02:34:33Z INFO HostContext] Well known directory 'Root': 'D:\ful stack web apps\lystify\actions-runner'
[2024-03-30 02:34:33Z INFO HostContext] Well known config file 'Credentials': 'D:\ful stack web apps\lystify\actions-runner\.credentials'
[2024-03-30 02:34:33Z INFO HostContext] Well known directory 'Bin': 'D:\ful stack web apps\lystify\actions-runner\bin'
[2024-03-30 02:34:33Z INFO HostContext] Well known directory 'Root': 'D:\ful stack web apps\lystify\actions-runner'
[2024-03-30 02:34:33Z INFO HostContext] Well known config file 'Runner': 'D:\ful stack web apps\lystify\actions-runner\.runner'
[2024-03-30 02:34:33Z INFO Listener] Runner is built for Windows (X64) - win-x64.
[2024-03-30 02:34:33Z INFO Listener] RuntimeInformation: Microsoft Windows 10.0.22631.
[2024-03-30 02:34:34Z INFO Listener] Version: 2.314.1
[2024-03-30 02:34:34Z INFO Listener] Commit: 976290d966e6cc3e748a49bf8fdbe139ff764201
[2024-03-30 02:34:34Z INFO Listener] Culture: en-CA
[2024-03-30 02:34:34Z INFO Listener] UI Culture: en-US
[2024-03-30 02:34:34Z INFO HostContext] Well known directory 'Bin': 'D:\ful stack web apps\lystify\actions-runner\bin'
[2024-03-30 02:34:34Z INFO HostContext] Well known directory 'Root': 'D:\ful stack web apps\lystify\actions-runner'
[2024-03-30 02:34:34Z INFO Listener] Validating directory permissions for: 'D:\ful stack web apps\lystify\actions-runner'
[2024-03-30 02:34:34Z INFO CommandLineParser] Parse
[2024-03-30 02:34:34Z INFO CommandLineParser] Parsing 5 args
[2024-03-30 02:34:34Z INFO CommandLineParser] parsing argument
[2024-03-30 02:34:34Z INFO CommandLineParser] HasArgs: False
[2024-03-30 02:34:34Z INFO CommandLineParser] Adding Command: configure
[2024-03-30 02:34:34Z INFO CommandLineParser] parsing argument
[2024-03-30 02:34:34Z INFO CommandLineParser] HasArgs: True
[2024-03-30 02:34:34Z INFO CommandLineParser] arg: url
[2024-03-30 02:34:34Z INFO CommandLineParser] parsing argument
[2024-03-30 02:34:34Z INFO CommandLineParser] HasArgs: True
[2024-03-30 02:34:34Z INFO CommandLineParser] Adding option 'url': 'https://github.com/RiyanFaroqui/lystify'
[2024-03-30 02:34:34Z INFO CommandLineParser] parsing argument
[2024-03-30 02:34:34Z INFO CommandLineParser] HasArgs: True
[2024-03-30 02:34:34Z INFO CommandLineParser] arg: token
[2024-03-30 02:34:34Z INFO CommandLineParser] parsing argument
[2024-03-30 02:34:34Z INFO CommandLineParser] HasArgs: True
[2024-03-30 02:34:34Z INFO CommandLineParser] Adding option 'token': '***'
[2024-03-30 02:34:34Z INFO Listener] Arguments parsed
[2024-03-30 02:34:34Z INFO Runner] ExecuteCommand
[2024-03-30 02:34:34Z INFO ConfigurationStore] currentAssemblyLocation: D:\ful stack web apps\lystify\actions-runner\bin\Runner.Listener.dll
[2024-03-30 02:34:34Z INFO HostContext] Well known directory 'Bin': 'D:\ful stack web apps\lystify\actions-runner\bin'
[2024-03-30 02:34:34Z INFO ConfigurationStore] binPath: D:\ful stack web apps\lystify\actions-runner\bin
[2024-03-30 02:34:34Z INFO HostContext] Well known directory 'Bin': 'D:\ful stack web apps\lystify\actions-runner\bin'
[2024-03-30 02:34:34Z INFO HostContext] Well known directory 'Root': 'D:\ful stack web apps\lystify\actions-runner'
[2024-03-30 02:34:34Z INFO ConfigurationStore] RootFolder: D:\ful stack web apps\lystify\actions-runner
[2024-03-30 02:34:34Z INFO HostContext] Well known directory 'Bin': 'D:\ful stack web apps\lystify\actions-runner\bin'
[2024-03-30 02:34:34Z INFO HostContext] Well known directory 'Root': 'D:\ful stack web apps\lystify\actions-runner'
[2024-03-30 02:34:34Z INFO HostContext] Well known config file 'Runner': 'D:\ful stack web apps\lystify\actions-runner\.runner'
[2024-03-30 02:34:34Z INFO ConfigurationStore] ConfigFilePath: D:\ful stack web apps\lystify\actions-runner\.runner
[2024-03-30 02:34:34Z INFO HostContext] Well known directory 'Bin': 'D:\ful stack web apps\lystify\actions-runner\bin'
[2024-03-30 02:34:34Z INFO HostContext] Well known directory 'Root': 'D:\ful stack web apps\lystify\actions-runner'
[2024-03-30 02:34:34Z INFO HostContext] Well known config file 'Credentials': 'D:\ful stack web apps\lystify\actions-runner\.credentials'
[2024-03-30 02:34:34Z INFO ConfigurationStore] CredFilePath: D:\ful stack web apps\lystify\actions-runner\.credentials
[2024-03-30 02:34:34Z INFO HostContext] Well known directory 'Bin': 'D:\ful stack web apps\lystify\actions-runner\bin'
[2024-03-30 02:34:34Z INFO HostContext] Well known directory 'Root': 'D:\ful stack web apps\lystify\actions-runner'
[2024-03-30 02:34:34Z INFO HostContext] Well known config file 'MigratedCredentials': 'D:\ful stack web apps\lystify\actions-runner\.credentials_migrated'
[2024-03-30 02:34:34Z INFO ConfigurationStore] MigratedCredFilePath: D:\ful stack web apps\lystify\actions-runner\.credentials_migrated
[2024-03-30 02:34:34Z INFO HostContext] Well known directory 'Bin': 'D:\ful stack web apps\lystify\actions-runner\bin'
[2024-03-30 02:34:34Z INFO HostContext] Well known directory 'Root': 'D:\ful stack web apps\lystify\actions-runner'
[2024-03-30 02:34:34Z INFO HostContext] Well known config file 'Service': 'D:\ful stack web apps\lystify\actions-runner\.service'
[2024-03-30 02:34:34Z INFO ConfigurationStore] ServiceConfigFilePath: D:\ful stack web apps\lystify\actions-runner\.service
[2024-03-30 02:34:34Z INFO CommandSettings] Flag 'help': 'False'
[2024-03-30 02:34:34Z INFO CommandSettings] Flag 'version': 'False'
[2024-03-30 02:34:34Z INFO CommandSettings] Flag 'commit': 'False'
[2024-03-30 02:34:34Z INFO CommandSettings] Flag 'check': 'False'
[2024-03-30 02:34:34Z INFO CommandSettings] Command 'configure': 'True'
[2024-03-30 02:34:34Z INFO Terminal] WRITE LINE: 
[2024-03-30 02:34:34Z INFO Terminal] WRITE LINE: --------------------------------------------------------------------------------
[2024-03-30 02:34:34Z INFO Terminal] WRITE LINE: |        ____ _ _   _   _       _          _        _   _                      |
[2024-03-30 02:34:34Z INFO Terminal] WRITE LINE: |       / ___(_) |_| | | |_   _| |__      / \   ___| |_(_) ___  _ __  ___      |
[2024-03-30 02:34:34Z INFO Terminal] WRITE LINE: |      | |  _| | __| |_| | | | | '_ \    / _ \ / __| __| |/ _ \| '_ \/ __|     |
[2024-03-30 02:34:34Z INFO Terminal] WRITE LINE: |      | |_| | | |_|  _  | |_| | |_) |  / ___ \ (__| |_| | (_) | | | \__ \     |
[2024-03-30 02:34:34Z INFO Terminal] WRITE LINE: |       \____|_|\__|_| |_|\__,_|_.__/  /_/   \_\___|\__|_|\___/|_| |_|___/     |
[2024-03-30 02:34:34Z INFO Terminal] WRITE LINE: |                                                                              |
[2024-03-30 02:34:34Z INFO Terminal] WRITE: |                       
[2024-03-30 02:34:34Z INFO Terminal] WRITE: Self-hosted runner registration
[2024-03-30 02:34:34Z INFO Terminal] WRITE LINE:                         |
[2024-03-30 02:34:34Z INFO Terminal] WRITE LINE: |                                                                              |
[2024-03-30 02:34:34Z INFO Terminal] WRITE LINE: --------------------------------------------------------------------------------
[2024-03-30 02:34:34Z INFO ConfigurationManager] ConfigureAsync
[2024-03-30 02:34:34Z INFO CommandSettings] Flag 'generateServiceConfig': 'False'
[2024-03-30 02:34:34Z INFO ConfigurationStore] IsConfigured()
[2024-03-30 02:34:34Z INFO ConfigurationStore] IsConfigured: False
[2024-03-30 02:34:34Z INFO ConfigurationManager] Is configured: False
[2024-03-30 02:34:34Z INFO CommandSettings] Arg 'url': 'https://github.com/RiyanFaroqui/lystify'
[2024-03-30 02:34:34Z INFO CommandSettings] Remove url from Arg dictionary.
[2024-03-30 02:34:34Z INFO CommandSettings] Arg 'token': '***'
[2024-03-30 02:34:34Z INFO CommandSettings] Remove token from Arg dictionary.
[2024-03-30 02:34:35Z INFO ConfigurationManager] Http response code: OK from 'POST https://api.github.com/actions/runner-registration' (C328:393041:18B3B2F:27CFC20:66077A3C)
[2024-03-30 02:34:35Z INFO ConfigurationManager] Using V2 flow: False
[2024-03-30 02:34:35Z INFO ConfigurationManager] cred retrieved via GitHub auth
[2024-03-30 02:34:35Z INFO RunnerServer] EstablishVssConnection
[2024-03-30 02:34:35Z INFO RunnerServer] Establish connection with 100 seconds timeout.
[2024-03-30 02:34:35Z INFO GitHubActionsService] Starting operation Location.GetConnectionData
[2024-03-30 02:34:35Z INFO RunnerServer] EstablishVssConnection
[2024-03-30 02:34:35Z INFO RunnerServer] Establish connection with 60 seconds timeout.
[2024-03-30 02:34:35Z INFO GitHubActionsService] Starting operation Location.GetConnectionData
[2024-03-30 02:34:35Z INFO RunnerServer] EstablishVssConnection
[2024-03-30 02:34:35Z INFO RunnerServer] Establish connection with 60 seconds timeout.
[2024-03-30 02:34:35Z INFO GitHubActionsService] Starting operation Location.GetConnectionData
[2024-03-30 02:34:35Z INFO GitHubActionsService] Finished operation Location.GetConnectionData
[2024-03-30 02:34:35Z INFO GitHubActionsService] Finished operation Location.GetConnectionData
[2024-03-30 02:34:35Z INFO GitHubActionsService] Finished operation Location.GetConnectionData
[2024-03-30 02:34:35Z INFO Terminal] WRITE LINE: 
[2024-03-30 02:34:35Z INFO ConfigurationManager] Test Connection complete.
[2024-03-30 02:34:35Z INFO HostContext] Well known directory 'Bin': 'D:\ful stack web apps\lystify\actions-runner\bin'
[2024-03-30 02:34:35Z INFO HostContext] Well known directory 'Root': 'D:\ful stack web apps\lystify\actions-runner'
[2024-03-30 02:34:35Z INFO HostContext] Well known config file 'RSACredentials': 'D:\ful stack web apps\lystify\actions-runner\.credentials_rsaparams'
[2024-03-30 02:34:35Z INFO RSAEncryptedFileKeyManager] Creating new RSA key using 2048-bit key length
[2024-03-30 02:34:35Z INFO RSAEncryptedFileKeyManager] Successfully saved RSA key parameters to file D:\ful stack web apps\lystify\actions-runner\.credentials_rsaparams
[2024-03-30 02:34:36Z INFO CommandSettings] Arg 'runnergroup': ''
[2024-03-30 02:34:36Z INFO CommandSettings] Flag 'unattended': 'False'
[2024-03-30 02:34:36Z INFO PromptManager] ReadValue
[2024-03-30 02:34:36Z INFO Terminal] WRITE: Enter the name of the runner group to add this runner to: 
[2024-03-30 02:34:36Z INFO Terminal] WRITE: [press Enter for Default] 
[2024-03-30 02:34:36Z INFO Terminal] READ LINE
[2024-03-30 02:34:58Z INFO Terminal] Read value: 'deployment'
[2024-03-30 02:34:58Z INFO Terminal] WRITE LINE: 
[2024-03-30 02:34:58Z ERR  Runner] GitHub.DistributedTask.WebApi.TaskAgentPoolNotFoundException: Could not find any self-hosted runner group named "deployment".
   at GitHub.Runner.Listener.Configuration.ConfigurationManager.ConfigureAsync(CommandSettings command)
   at GitHub.Runner.Listener.Runner.ExecuteCommand(CommandSettings command)
[2024-03-30 02:34:58Z ERR  Terminal] WRITE ERROR: Could not find any self-hosted runner group named "deployment".
[2024-03-30 02:34:58Z INFO Listener] Runner execution has finished with return code 1
