[2024-03-30 02:39:10Z INFO HostContext] No proxy settings were found based on environmental variables (http_proxy/https_proxy/HTTP_PROXY/HTTPS_PROXY)
[2024-03-30 02:39:10Z INFO HostContext] Well known directory 'Bin': 'D:\ful stack web apps\lystify\actions-runner\bin'
[2024-03-30 02:39:10Z INFO HostContext] Well known directory 'Root': 'D:\ful stack web apps\lystify\actions-runner'
[2024-03-30 02:39:10Z INFO HostContext] Well known config file 'Credentials': 'D:\ful stack web apps\lystify\actions-runner\.credentials'
[2024-03-30 02:39:10Z INFO HostContext] Well known directory 'Bin': 'D:\ful stack web apps\lystify\actions-runner\bin'
[2024-03-30 02:39:10Z INFO HostContext] Well known directory 'Root': 'D:\ful stack web apps\lystify\actions-runner'
[2024-03-30 02:39:10Z INFO HostContext] Well known config file 'Runner': 'D:\ful stack web apps\lystify\actions-runner\.runner'
[2024-03-30 02:39:10Z INFO Worker] Version: 2.314.1
[2024-03-30 02:39:10Z INFO Worker] Commit: 976290d966e6cc3e748a49bf8fdbe139ff764201
[2024-03-30 02:39:10Z INFO Worker] Culture: en-CA
[2024-03-30 02:39:10Z INFO Worker] UI Culture: en-US
[2024-03-30 02:39:10Z INFO Worker] Waiting to receive the job message from the channel.
[2024-03-30 02:39:10Z INFO ProcessChannel] Receiving message of length 23564, with hash '1bd4c2421b0069deb61b62b70db136a8e9a0a56db6521cb31745755353b0f25c'
[2024-03-30 02:39:10Z INFO Worker] Message received.
[2024-03-30 02:39:10Z INFO Worker] Job message:
 {
  "fileTable": [
    ".github/workflows/node.js.yml"
  ],
  "mask": [
    {
      "type": "regex",
      "value": "***"
    },
    {
      "type": "regex",
      "value": "***"
    },
    {
      "type": "regex",
      "value": "***"
    },
    {
      "type": "regex",
      "value": "***"
    },
    {
      "type": "regex",
      "value": "***"
    },
    {
      "type": "regex",
      "value": "***"
    },
    {
      "type": "regex",
      "value": "***"
    },
    {
      "type": "regex",
      "value": "***"
    },
    {
      "type": "regex",
      "value": "***"
    },
    {
      "type": "regex",
      "value": "***"
    },
    {
      "type": "regex",
      "value": "***"
    },
    {
      "type": "regex",
      "value": "***"
    },
    {
      "type": "regex",
      "value": "***"
    },
    {
      "type": "regex",
      "value": "***"
    },
    {
      "type": "regex",
      "value": "***"
    },
    {
      "type": "regex",
      "value": "***"
    },
    {
      "type": "regex",
      "value": "***"
    },
    {
      "type": "regex",
      "value": "***"
    },
    {
      "type": "regex",
      "value": "***"
    }
  ],
  "steps": [
    {
      "type": "action",
      "reference": {
        "type": "repository",
        "name": "actions/checkout",
        "ref": "v3",
        "repositoryType": "GitHub",
        "path": ""
      },
      "contextName": "__actions_checkout",
      "condition": "success()",
      "id": "c28f0f2d-4c36-5b18-4fd9-c2e00abe08ba",
      "name": "__actions_checkout"
    },
    {
      "type": "action",
      "reference": {
        "type": "repository",
        "name": "actions/setup-node",
        "ref": "v3",
        "repositoryType": "GitHub",
        "path": ""
      },
      "displayNameToken": {
        "type": 3,
        "file": 1,
        "line": 24,
        "col": 13,
        "expr": "format('Use Node.js {0}', matrix.node-version)"
      },
      "contextName": "__actions_setup-node",
      "inputs": {
        "type": 2,
        "file": 1,
        "line": 27,
        "col": 9,
        "map": [
          {
            "key": {
              "type": 0,
              "file": 1,
              "line": 27,
              "col": 9,
              "lit": "node-version"
            },
            "value": {
              "type": 3,
              "file": 1,
              "line": 27,
              "col": 23,
              "expr": "matrix.node-version"
            }
          },
          {
            "key": {
              "type": 0,
              "file": 1,
              "line": 28,
              "col": 9,
              "lit": "cache"
            },
            "value": {
              "type": 0,
              "file": 1,
              "line": 28,
              "col": 16,
              "lit": "npm"
            }
          }
        ]
      },
      "condition": "success()",
      "id": "ae961046-74db-5234-d521-c831e1629984",
      "name": "__actions_setup-node"
    },
    {
      "type": "action",
      "reference": {
        "type": "script"
      },
      "contextName": "__run",
      "inputs": {
        "type": 2,
        "map": [
          {
            "key": "script",
            "value": {
              "type": 0,
              "file": 1,
              "line": 29,
              "col": 12,
              "lit": "npm i"
            }
          }
        ]
      },
      "condition": "success()",
      "id": "b62fe02e-bef4-51fa-f31e-31f9f5a73bf7",
      "name": "__run"
    },
    {
      "type": "action",
      "reference": {
        "type": "script"
      },
      "contextName": "__run_2",
      "inputs": {
        "type": 2,
        "map": [
          {
            "key": "script",
            "value": {
              "type": 0,
              "file": 1,
              "line": 30,
              "col": 12,
              "lit": "npm run build --if-present"
            }
          }
        ]
      },
      "condition": "success()",
      "id": "2e2ba6b7-cce6-5aa9-0f48-93e10c5178e7",
      "name": "__run_2"
    }
  ],
  "variables": {
    "system.isScheduled": {
      "value": "False"
    },
    "system.servertype": {
      "value": "Hosted"
    },
    "system.culture": {
      "value": ""
    },
    "system.pipelineStartTime": {
      "value": "2024-03-30 02:38:11+00:00"
    },
    "system.runner.lowdiskspacethreshold": {
      "value": "100"
    },
    "DistributedTask.NewActionMetadata": {
      "value": "true"
    },
    "DistributedTask.EnableCompositeActions": {
      "value": "true"
    },
    "DistributedTask.EnhancedAnnotations": {
      "value": "true"
    },
    "DistributedTask.UploadStepSummary": {
      "value": "true"
    },
    "DistributedTask.ForceGithubJavascriptActionsToNode16": {
      "value": "true"
    },
    "DistributedTask.AddWarningToNode12Action": {
      "value": "true"
    },
    "DistributedTask.AddWarningToNode16Action": {
      "value": "true"
    },
    "DistributedTask.LogTemplateErrorsAsDebugMessages": {
      "value": "true"
    },
    "DistributedTask.AllowRunnerContainerHooks": {
      "value": "true"
    },
    "DistributedTask.DeprecateStepOutputCommands": {
      "value": "true"
    },
    "Actions.EnableHttpRedirects": {
      "value": "true"
    },
    "DistributedTask.UseActionArchiveCache": {
      "value": "true"
    },
    "DistributedTask.UseWhich2": {
      "value": "true"
    },
    "DistributedTask.DetailUntarFailure": {
      "value": "true"
    },
    "DistributedTask.EnableJobServerQueueTelemetry": {
      "value": "true"
    },
    "DistributedTask.MarkJobAsFailedOnWorkerCrash": {
      "value": "true"
    },
    "system.teamProjectId": {
      "value": "00000000-0000-0000-0000-000000000000"
    },
    "build.buildId": {
      "value": "1"
    },
    "build.containerId": {
      "value": "16298032"
    },
    "system.workflowFilePath": {
      "value": ".github/workflows/node.js.yml"
    },
    "system.phaseDisplayName": {
      "value": "build"
    },
    "system.phaseId": {
      "value": "6884a131-87da-5381-61f3-d7acc3b91d76"
    },
    "system.phaseName": {
      "value": "build"
    },
    "system.phaseAttempt": {
      "value": "1"
    },
    "system.jobIdentifier": {
      "value": "build._16_x"
    },
    "system.jobAttempt": {
      "value": "1"
    },
    "System.JobPositionInPhase": {
      "value": "2"
    },
    "System.TotalJobsInPhase": {
      "value": "3"
    },
    "system.github.job": {
      "value": "build"
    },
    "system.jobDisplayName": {
      "value": "build (16.x)"
    },
    "system.jobId": {
      "value": "c269f388-e93f-55df-e42c-8ad0a472b48b"
    },
    "system.jobName": {
      "value": "_16_x"
    },
    "system.github.token.permissions": {
      "value": "{\"Contents\":\"read\",\"Metadata\":\"read\",\"Packages\":\"read\"}"
    },
    "system.github.token": {
      "value": "***",
      "isSecret": true
    },
    "system.runnerEnvironment": {
      "value": "self-hosted"
    },
    "system.github.results_endpoint": {
      "value": "https://results-receiver.actions.githubusercontent.com/"
    },
    "system.github.results_upload_with_sdk": {
      "value": "True"
    },
    "system.orchestrationId": {
      "value": "cd8cd2d4-d2c6-4d80-ba73-42b7f6908d58.build._16_x"
    },
    "system.runnerGroupName": {
      "value": "Default"
    }
  },
  "messageType": "PipelineAgentJobRequest",
  "plan": {
    "scopeIdentifier": "00000000-0000-0000-0000-000000000000",
    "planType": "Actions",
    "version": 39,
    "planId": "cd8cd2d4-d2c6-4d80-ba73-42b7f6908d58",
    "planGroup": "Actions:00000000-0000-0000-0000-000000000000:1",
    "artifactUri": "vstfs:///Build/Build/1",
    "artifactLocation": null,
    "definition": {
      "_links": {},
      "id": 3,
      "name": "lystify"
    },
    "owner": {
      "_links": {},
      "id": 3,
      "name": "RiyanFaroqui"
    }
  },
  "timeline": {
    "id": "cd8cd2d4-d2c6-4d80-ba73-42b7f6908d58",
    "changeId": 0,
    "location": null
  },
  "jobId": "c269f388-e93f-55df-e42c-8ad0a472b48b",
  "jobDisplayName": "build (16.x)",
  "jobName": "_16_x",
  "requestId": 2,
  "lockedUntil": "0001-01-01T00:00:00",
  "resources": {
    "endpoints": [
      {
        "data": {
          "ServerId": "bb618b48-8978-4819-9a57-5e94e128c699",
          "ServerName": "4PLhgzEaoD2jOX3DJwLjNxIoeEf2L1x2LWhaqqYUPdGbnGlxWT",
          "CacheServerUrl": "https://acghubeus2.actions.githubusercontent.com/4PLhgzEaoD2jOX3DJwLjNxIoeEf2L1x2LWhaqqYUPdGbnGlxWT/",
          "FeedStreamUrl": "https://results-receiver.actions.githubusercontent.com/_ws/ingest.sock",
          "ResultsServiceUrl": "https://results-receiver.actions.githubusercontent.com/",
          "ConnectivityChecks": "[\"https://acghubeus0.actions.githubusercontent.com/_apis/health\",\"https://results-receiver.actions.githubusercontent.com/health\",\"https://actions-results-receiver-production.githubapp.com/health\",\"https://pipelinesghubeus9.actions.githubusercontent.com/_apis/health\"]"
        },
        "name": "SystemVssConnection",
        "url": "https://pipelinesghubeus9.actions.githubusercontent.com/4PLhgzEaoD2jOX3DJwLjNxIoeEf2L1x2LWhaqqYUPdGbnGlxWT/",
        "authorization": {
          "parameters": {
            "AccessToken": ***
          },
          "scheme": "OAuth"
        },
        "isShared": false,
        "isReady": true
      }
    ]
  },
  "contextData": {
    "github": {
      "t": 2,
      "d": [
        {
          "k": "ref",
          "v": "refs/heads/main"
        },
        {
          "k": "sha",
          "v": "6e77845b79c1d715441c1cba6f27845817ad0d52"
        },
        {
          "k": "repository",
          "v": "RiyanFaroqui/lystify"
        },
        {
          "k": "repository_owner",
          "v": "RiyanFaroqui"
        },
        {
          "k": "repository_owner_id",
          "v": "150162900"
        },
        {
          "k": "repositoryUrl",
          "v": "git://github.com/RiyanFaroqui/lystify.git"
        },
        {
          "k": "run_id",
          "v": "8487755513"
        },
        {
          "k": "run_number",
          "v": "1"
        },
        {
          "k": "retention_days",
          "v": "90"
        },
        {
          "k": "run_attempt",
          "v": "1"
        },
        {
          "k": "artifact_cache_size_limit",
          "v": "10"
        },
        {
          "k": "repository_visibility",
          "v": "public"
        },
        {
          "k": "repo-self-hosted-runners-disabled",
          "v": false
        },
        {
          "k": "enterprise-managed-business-id",
          "v": ""
        },
        {
          "k": "repository_id",
          "v": "779019222"
        },
        {
          "k": "actor_id",
          "v": "150162900"
        },
        {
          "k": "actor",
          "v": "RiyanFaroqui"
        },
        {
          "k": "triggering_actor",
          "v": "RiyanFaroqui"
        },
        {
          "k": "workflow",
          "v": "Node.js CI"
        },
        {
          "k": "head_ref",
          "v": ""
        },
        {
          "k": "base_ref",
          "v": ""
        },
        {
          "k": "event_name",
          "v": "push"
        },
        {
          "k": "event",
          "v": {
            "t": 2,
            "d": [
              {
                "k": "after",
                "v": "6e77845b79c1d715441c1cba6f27845817ad0d52"
              },
              {
                "k": "base_ref",
                "v": null
              },
              {
                "k": "before",
                "v": "877bb2661a3085d889f084f8c3574c524ba0460c"
              },
              {
                "k": "commits",
                "v": {
                  "t": 1,
                  "a": [
                    {
                      "t": 2,
                      "d": [
                        {
                          "k": "author",
                          "v": {
                            "t": 2,
                            "d": [
                              {
                                "k": "email",
                                "v": "150162900+RiyanFaroqui@users.noreply.github.com"
                              },
                              {
                                "k": "name",
                                "v": "riyan"
                              },
                              {
                                "k": "username",
                                "v": "RiyanFaroqui"
                              }
                            ]
                          }
                        },
                        {
                          "k": "committer",
                          "v": {
                            "t": 2,
                            "d": [
                              {
                                "k": "email",
                                "v": "noreply@github.com"
                              },
                              {
                                "k": "name",
                                "v": "GitHub"
                              },
                              {
                                "k": "username",
                                "v": "web-flow"
                              }
                            ]
                          }
                        },
                        {
                          "k": "distinct",
                          "v": true
                        },
                        {
                          "k": "id",
                          "v": "6e77845b79c1d715441c1cba6f27845817ad0d52"
                        },
                        {
                          "k": "message",
                          "v": "Create node.js.yml"
                        },
                        {
                          "k": "timestamp",
                          "v": "2024-03-29T22:23:56-04:00"
                        },
                        {
                          "k": "tree_id",
                          "v": "d19fad3f737684a05f9b927a22db37ca68c82f52"
                        },
                        {
                          "k": "url",
                          "v": "https://github.com/RiyanFaroqui/lystify/commit/6e77845b79c1d715441c1cba6f27845817ad0d52"
                        }
                      ]
                    }
                  ]
                }
              },
              {
                "k": "compare",
                "v": "https://github.com/RiyanFaroqui/lystify/compare/877bb2661a30...6e77845b79c1"
              },
              {
                "k": "created",
                "v": false
              },
              {
                "k": "deleted",
                "v": false
              },
              {
                "k": "forced",
                "v": false
              },
              {
                "k": "head_commit",
                "v": {
                  "t": 2,
                  "d": [
                    {
                      "k": "author",
                      "v": {
                        "t": 2,
                        "d": [
                          {
                            "k": "email",
                            "v": "150162900+RiyanFaroqui@users.noreply.github.com"
                          },
                          {
                            "k": "name",
                            "v": "riyan"
                          },
                          {
                            "k": "username",
                            "v": "RiyanFaroqui"
                          }
                        ]
                      }
                    },
                    {
                      "k": "committer",
                      "v": {
                        "t": 2,
                        "d": [
                          {
                            "k": "email",
                            "v": "noreply@github.com"
                          },
                          {
                            "k": "name",
                            "v": "GitHub"
                          },
                          {
                            "k": "username",
                            "v": "web-flow"
                          }
                        ]
                      }
                    },
                    {
                      "k": "distinct",
                      "v": true
                    },
                    {
                      "k": "id",
                      "v": "6e77845b79c1d715441c1cba6f27845817ad0d52"
                    },
                    {
                      "k": "message",
                      "v": "Create node.js.yml"
                    },
                    {
                      "k": "timestamp",
                      "v": "2024-03-29T22:23:56-04:00"
                    },
                    {
                      "k": "tree_id",
                      "v": "d19fad3f737684a05f9b927a22db37ca68c82f52"
                    },
                    {
                      "k": "url",
                      "v": "https://github.com/RiyanFaroqui/lystify/commit/6e77845b79c1d715441c1cba6f27845817ad0d52"
                    }
                  ]
                }
              },
              {
                "k": "pusher",
                "v": {
                  "t": 2,
                  "d": [
                    {
                      "k": "email",
                      "v": "150162900+RiyanFaroqui@users.noreply.github.com"
                    },
                    {
                      "k": "name",
                      "v": "RiyanFaroqui"
                    }
                  ]
                }
              },
              {
                "k": "ref",
                "v": "refs/heads/main"
              },
              {
                "k": "repository",
                "v": {
                  "t": 2,
                  "d": [
                    {
                      "k": "allow_forking",
                      "v": true
                    },
                    {
                      "k": "archive_url",
                      "v": "https://api.github.com/repos/RiyanFaroqui/lystify/{archive_format}{/ref}"
                    },
                    {
                      "k": "archived",
                      "v": false
                    },
                    {
                      "k": "assignees_url",
                      "v": "https://api.github.com/repos/RiyanFaroqui/lystify/assignees{/user}"
                    },
                    {
                      "k": "blobs_url",
                      "v": "https://api.github.com/repos/RiyanFaroqui/lystify/git/blobs{/sha}"
                    },
                    {
                      "k": "branches_url",
                      "v": "https://api.github.com/repos/RiyanFaroqui/lystify/branches{/branch}"
                    },
                    {
                      "k": "clone_url",
                      "v": "https://github.com/RiyanFaroqui/lystify.git"
                    },
                    {
                      "k": "collaborators_url",
                      "v": "https://api.github.com/repos/RiyanFaroqui/lystify/collaborators{/collaborator}"
                    },
                    {
                      "k": "comments_url",
                      "v": "https://api.github.com/repos/RiyanFaroqui/lystify/comments{/number}"
                    },
                    {
                      "k": "commits_url",
                      "v": "https://api.github.com/repos/RiyanFaroqui/lystify/commits{/sha}"
                    },
                    {
                      "k": "compare_url",
                      "v": "https://api.github.com/repos/RiyanFaroqui/lystify/compare/{base}...{head}"
                    },
                    {
                      "k": "contents_url",
                      "v": "https://api.github.com/repos/RiyanFaroqui/lystify/contents/{+path}"
                    },
                    {
                      "k": "contributors_url",
                      "v": "https://api.github.com/repos/RiyanFaroqui/lystify/contributors"
                    },
                    {
                      "k": "created_at",
                      "v": 1711662793.0
                    },
                    {
                      "k": "default_branch",
                      "v": "main"
                    },
                    {
                      "k": "deployments_url",
                      "v": "https://api.github.com/repos/RiyanFaroqui/lystify/deployments"
                    },
                    {
                      "k": "description",
                      "v": "next js to do list"
                    },
                    {
                      "k": "disabled",
                      "v": false
                    },
                    {
                      "k": "downloads_url",
                      "v": "https://api.github.com/repos/RiyanFaroqui/lystify/downloads"
                    },
                    {
                      "k": "events_url",
                      "v": "https://api.github.com/repos/RiyanFaroqui/lystify/events"
                    },
                    {
                      "k": "fork",
                      "v": false
                    },
                    {
                      "k": "forks",
                      "v": 0.0
                    },
                    {
                      "k": "forks_count",
                      "v": 0.0
                    },
                    {
                      "k": "forks_url",
                      "v": "https://api.github.com/repos/RiyanFaroqui/lystify/forks"
                    },
                    {
                      "k": "full_name",
                      "v": "RiyanFaroqui/lystify"
                    },
                    {
                      "k": "git_commits_url",
                      "v": "https://api.github.com/repos/RiyanFaroqui/lystify/git/commits{/sha}"
                    },
                    {
                      "k": "git_refs_url",
                      "v": "https://api.github.com/repos/RiyanFaroqui/lystify/git/refs{/sha}"
                    },
                    {
                      "k": "git_tags_url",
                      "v": "https://api.github.com/repos/RiyanFaroqui/lystify/git/tags{/sha}"
                    },
                    {
                      "k": "git_url",
                      "v": "git://github.com/RiyanFaroqui/lystify.git"
                    },
                    {
                      "k": "has_discussions",
                      "v": false
                    },
                    {
                      "k": "has_downloads",
                      "v": true
                    },
                    {
                      "k": "has_issues",
                      "v": true
                    },
                    {
                      "k": "has_pages",
                      "v": false
                    },
                    {
                      "k": "has_projects",
                      "v": true
                    },
                    {
                      "k": "has_wiki",
                      "v": true
                    },
                    {
                      "k": "homepage",
                      "v": "https://lystify.vercel.app"
                    },
                    {
                      "k": "hooks_url",
                      "v": "https://api.github.com/repos/RiyanFaroqui/lystify/hooks"
                    },
                    {
                      "k": "html_url",
                      "v": "https://github.com/RiyanFaroqui/lystify"
                    },
                    {
                      "k": "id",
                      "v": 779019222.0
                    },
                    {
                      "k": "is_template",
                      "v": false
                    },
                    {
                      "k": "issue_comment_url",
                      "v": "https://api.github.com/repos/RiyanFaroqui/lystify/issues/comments{/number}"
                    },
                    {
                      "k": "issue_events_url",
                      "v": "https://api.github.com/repos/RiyanFaroqui/lystify/issues/events{/number}"
                    },
                    {
                      "k": "issues_url",
                      "v": "https://api.github.com/repos/RiyanFaroqui/lystify/issues{/number}"
                    },
                    {
                      "k": "keys_url",
                      "v": "https://api.github.com/repos/RiyanFaroqui/lystify/keys{/key_id}"
                    },
                    {
                      "k": "labels_url",
                      "v": "https://api.github.com/repos/RiyanFaroqui/lystify/labels{/name}"
                    },
                    {
                      "k": "language",
                      "v": "TypeScript"
                    },
                    {
                      "k": "languages_url",
                      "v": "https://api.github.com/repos/RiyanFaroqui/lystify/languages"
                    },
                    {
                      "k": "license",
                      "v": null
                    },
                    {
                      "k": "master_branch",
                      "v": "main"
                    },
                    {
                      "k": "merges_url",
                      "v": "https://api.github.com/repos/RiyanFaroqui/lystify/merges"
                    },
                    {
                      "k": "milestones_url",
                      "v": "https://api.github.com/repos/RiyanFaroqui/lystify/milestones{/number}"
                    },
                    {
                      "k": "mirror_url",
                      "v": null
                    },
                    {
                      "k": "name",
                      "v": "lystify"
                    },
                    {
                      "k": "node_id",
                      "v": "R_kgDOLm7j1g"
                    },
                    {
                      "k": "notifications_url",
                      "v": "https://api.github.com/repos/RiyanFaroqui/lystify/notifications{?since,all,participating}"
                    },
                    {
                      "k": "open_issues",
                      "v": 0.0
                    },
                    {
                      "k": "open_issues_count",
                      "v": 0.0
                    },
                    {
                      "k": "owner",
                      "v": {
                        "t": 2,
                        "d": [
                          {
                            "k": "avatar_url",
                            "v": "https://avatars.githubusercontent.com/u/150162900?v=4"
                          },
                          {
                            "k": "email",
                            "v": "150162900+RiyanFaroqui@users.noreply.github.com"
                          },
                          {
                            "k": "events_url",
                            "v": "https://api.github.com/users/RiyanFaroqui/events{/privacy}"
                          },
                          {
                            "k": "followers_url",
                            "v": "https://api.github.com/users/RiyanFaroqui/followers"
                          },
                          {
                            "k": "following_url",
                            "v": "https://api.github.com/users/RiyanFaroqui/following{/other_user}"
                          },
                          {
                            "k": "gists_url",
                            "v": "https://api.github.com/users/RiyanFaroqui/gists{/gist_id}"
                          },
                          {
                            "k": "gravatar_id",
                            "v": ""
                          },
                          {
                            "k": "html_url",
                            "v": "https://github.com/RiyanFaroqui"
                          },
                          {
                            "k": "id",
                            "v": 150162900.0
                          },
                          {
                            "k": "login",
                            "v": "RiyanFaroqui"
                          },
                          {
                            "k": "name",
                            "v": "RiyanFaroqui"
                          },
                          {
                            "k": "node_id",
                            "v": "U_kgDOCPNN1A"
                          },
                          {
                            "k": "organizations_url",
                            "v": "https://api.github.com/users/RiyanFaroqui/orgs"
                          },
                          {
                            "k": "received_events_url",
                            "v": "https://api.github.com/users/RiyanFaroqui/received_events"
                          },
                          {
                            "k": "repos_url",
                            "v": "https://api.github.com/users/RiyanFaroqui/repos"
                          },
                          {
                            "k": "site_admin",
                            "v": false
                          },
                          {
                            "k": "starred_url",
                            "v": "https://api.github.com/users/RiyanFaroqui/starred{/owner}{/repo}"
                          },
                          {
                            "k": "subscriptions_url",
                            "v": "https://api.github.com/users/RiyanFaroqui/subscriptions"
                          },
                          {
                            "k": "type",
                            "v": "User"
                          },
                          {
                            "k": "url",
                            "v": "https://api.github.com/users/RiyanFaroqui"
                          }
                        ]
                      }
                    },
                    {
                      "k": "private",
                      "v": false
                    },
                    {
                      "k": "pulls_url",
                      "v": "https://api.github.com/repos/RiyanFaroqui/lystify/pulls{/number}"
                    },
                    {
                      "k": "pushed_at",
                      "v": 1711749247.0
                    },
                    {
                      "k": "releases_url",
                      "v": "https://api.github.com/repos/RiyanFaroqui/lystify/releases{/id}"
                    },
                    {
                      "k": "size",
                      "v": 149.0
                    },
                    {
                      "k": "ssh_url",
                      "v": "git@github.com:RiyanFaroqui/lystify.git"
                    },
                    {
                      "k": "stargazers",
                      "v": 0.0
                    },
                    {
                      "k": "stargazers_count",
                      "v": 0.0
                    },
                    {
                      "k": "stargazers_url",
                      "v": "https://api.github.com/repos/RiyanFaroqui/lystify/stargazers"
                    },
                    {
                      "k": "statuses_url",
                      "v": "https://api.github.com/repos/RiyanFaroqui/lystify/statuses/{sha}"
                    },
                    {
                      "k": "subscribers_url",
                      "v": "https://api.github.com/repos/RiyanFaroqui/lystify/subscribers"
                    },
                    {
                      "k": "subscription_url",
                      "v": "https://api.github.com/repos/RiyanFaroqui/lystify/subscription"
                    },
                    {
                      "k": "svn_url",
                      "v": "https://github.com/RiyanFaroqui/lystify"
                    },
                    {
                      "k": "tags_url",
                      "v": "https://api.github.com/repos/RiyanFaroqui/lystify/tags"
                    },
                    {
                      "k": "teams_url",
                      "v": "https://api.github.com/repos/RiyanFaroqui/lystify/teams"
                    },
                    {
                      "k": "topics",
                      "v": {
                        "t": 1
                      }
                    },
                    {
                      "k": "trees_url",
                      "v": "https://api.github.com/repos/RiyanFaroqui/lystify/git/trees{/sha}"
                    },
                    {
                      "k": "updated_at",
                      "v": "2024-03-29T22:02:23Z"
                    },
                    {
                      "k": "url",
                      "v": "https://github.com/RiyanFaroqui/lystify"
                    },
                    {
                      "k": "visibility",
                      "v": "public"
                    },
                    {
                      "k": "watchers",
                      "v": 0.0
                    },
                    {
                      "k": "watchers_count",
                      "v": 0.0
                    },
                    {
                      "k": "web_commit_signoff_required",
                      "v": false
                    }
                  ]
                }
              },
              {
                "k": "sender",
                "v": {
                  "t": 2,
                  "d": [
                    {
                      "k": "avatar_url",
                      "v": "https://avatars.githubusercontent.com/u/150162900?v=4"
                    },
                    {
                      "k": "events_url",
                      "v": "https://api.github.com/users/RiyanFaroqui/events{/privacy}"
                    },
                    {
                      "k": "followers_url",
                      "v": "https://api.github.com/users/RiyanFaroqui/followers"
                    },
                    {
                      "k": "following_url",
                      "v": "https://api.github.com/users/RiyanFaroqui/following{/other_user}"
                    },
                    {
                      "k": "gists_url",
                      "v": "https://api.github.com/users/RiyanFaroqui/gists{/gist_id}"
                    },
                    {
                      "k": "gravatar_id",
                      "v": ""
                    },
                    {
                      "k": "html_url",
                      "v": "https://github.com/RiyanFaroqui"
                    },
                    {
                      "k": "id",
                      "v": 150162900.0
                    },
                    {
                      "k": "login",
                      "v": "RiyanFaroqui"
                    },
                    {
                      "k": "node_id",
                      "v": "U_kgDOCPNN1A"
                    },
                    {
                      "k": "organizations_url",
                      "v": "https://api.github.com/users/RiyanFaroqui/orgs"
                    },
                    {
                      "k": "received_events_url",
                      "v": "https://api.github.com/users/RiyanFaroqui/received_events"
                    },
                    {
                      "k": "repos_url",
                      "v": "https://api.github.com/users/RiyanFaroqui/repos"
                    },
                    {
                      "k": "site_admin",
                      "v": false
                    },
                    {
                      "k": "starred_url",
                      "v": "https://api.github.com/users/RiyanFaroqui/starred{/owner}{/repo}"
                    },
                    {
                      "k": "subscriptions_url",
                      "v": "https://api.github.com/users/RiyanFaroqui/subscriptions"
                    },
                    {
                      "k": "type",
                      "v": "User"
                    },
                    {
                      "k": "url",
                      "v": "https://api.github.com/users/RiyanFaroqui"
                    }
                  ]
                }
              }
            ]
          }
        },
        {
          "k": "server_url",
          "v": "https://github.com"
        },
        {
          "k": "api_url",
          "v": "https://api.github.com"
        },
        {
          "k": "graphql_url",
          "v": "https://api.github.com/graphql"
        },
        {
          "k": "ref_name",
          "v": "main"
        },
        {
          "k": "ref_protected",
          "v": false
        },
        {
          "k": "ref_type",
          "v": "branch"
        },
        {
          "k": "secret_source",
          "v": "Actions"
        },
        {
          "k": "workflow_ref",
          "v": "RiyanFaroqui/lystify/.github/workflows/node.js.yml@refs/heads/main"
        },
        {
          "k": "workflow_sha",
          "v": "6e77845b79c1d715441c1cba6f27845817ad0d52"
        }
      ]
    },
    "run-feature-flags": {
      "t": 2,
      "d": [
        {
          "k": "actions_stream_logs_via_results_service",
          "v": true
        },
        {
          "k": "actions_use_results_service",
          "v": true
        },
        {
          "k": "larger_runners_custom_image_generation",
          "v": false
        }
      ]
    },
    "partialrerun": false,
    "needs": {
      "t": 2
    },
    "vars": null,
    "inputs": {
      "t": 2
    },
    "matrix": {
      "t": 2,
      "d": [
        {
          "k": "node-version",
          "v": "16.x"
        }
      ]
    },
    "strategy": {
      "t": 2,
      "d": [
        {
          "k": "fail-fast",
          "v": true
        },
        {
          "k": "job-index",
          "v": 1.0
        },
        {
          "k": "job-total",
          "v": 3.0
        },
        {
          "k": "max-parallel",
          "v": 3.0
        }
      ]
    },
    "EndpointsOverride": null
  }
}
[2024-03-30 02:39:10Z INFO JobRunner] Job ID c269f388-e93f-55df-e42c-8ad0a472b48b
[2024-03-30 02:39:10Z INFO JobRunner] Creating job server with URL: https://pipelinesghubeus9.actions.githubusercontent.com/4PLhgzEaoD2jOX3DJwLjNxIoeEf2L1x2LWhaqqYUPdGbnGlxWT/
[2024-03-30 02:39:10Z INFO ConfigurationStore] currentAssemblyLocation: D:\ful stack web apps\lystify\actions-runner\bin\Runner.Worker.dll
[2024-03-30 02:39:10Z INFO HostContext] Well known directory 'Bin': 'D:\ful stack web apps\lystify\actions-runner\bin'
[2024-03-30 02:39:10Z INFO ConfigurationStore] binPath: D:\ful stack web apps\lystify\actions-runner\bin
[2024-03-30 02:39:10Z INFO HostContext] Well known directory 'Bin': 'D:\ful stack web apps\lystify\actions-runner\bin'
[2024-03-30 02:39:10Z INFO HostContext] Well known directory 'Root': 'D:\ful stack web apps\lystify\actions-runner'
[2024-03-30 02:39:10Z INFO ConfigurationStore] RootFolder: D:\ful stack web apps\lystify\actions-runner
[2024-03-30 02:39:10Z INFO HostContext] Well known directory 'Bin': 'D:\ful stack web apps\lystify\actions-runner\bin'
[2024-03-30 02:39:10Z INFO HostContext] Well known directory 'Root': 'D:\ful stack web apps\lystify\actions-runner'
[2024-03-30 02:39:10Z INFO HostContext] Well known config file 'Runner': 'D:\ful stack web apps\lystify\actions-runner\.runner'
[2024-03-30 02:39:10Z INFO ConfigurationStore] ConfigFilePath: D:\ful stack web apps\lystify\actions-runner\.runner
[2024-03-30 02:39:10Z INFO HostContext] Well known directory 'Bin': 'D:\ful stack web apps\lystify\actions-runner\bin'
[2024-03-30 02:39:10Z INFO HostContext] Well known directory 'Root': 'D:\ful stack web apps\lystify\actions-runner'
[2024-03-30 02:39:10Z INFO HostContext] Well known config file 'Credentials': 'D:\ful stack web apps\lystify\actions-runner\.credentials'
[2024-03-30 02:39:10Z INFO ConfigurationStore] CredFilePath: D:\ful stack web apps\lystify\actions-runner\.credentials
[2024-03-30 02:39:10Z INFO HostContext] Well known directory 'Bin': 'D:\ful stack web apps\lystify\actions-runner\bin'
[2024-03-30 02:39:10Z INFO HostContext] Well known directory 'Root': 'D:\ful stack web apps\lystify\actions-runner'
[2024-03-30 02:39:10Z INFO HostContext] Well known config file 'MigratedCredentials': 'D:\ful stack web apps\lystify\actions-runner\.credentials_migrated'
[2024-03-30 02:39:10Z INFO ConfigurationStore] MigratedCredFilePath: D:\ful stack web apps\lystify\actions-runner\.credentials_migrated
[2024-03-30 02:39:10Z INFO HostContext] Well known directory 'Bin': 'D:\ful stack web apps\lystify\actions-runner\bin'
[2024-03-30 02:39:10Z INFO HostContext] Well known directory 'Root': 'D:\ful stack web apps\lystify\actions-runner'
[2024-03-30 02:39:10Z INFO HostContext] Well known config file 'Service': 'D:\ful stack web apps\lystify\actions-runner\.service'
[2024-03-30 02:39:10Z INFO ConfigurationStore] ServiceConfigFilePath: D:\ful stack web apps\lystify\actions-runner\.service
[2024-03-30 02:39:10Z INFO ConfigurationStore] Read setting file: 305 chars
[2024-03-30 02:39:10Z INFO GitHubActionsService] Starting operation Location.GetConnectionData
[2024-03-30 02:39:10Z INFO Worker] Listening for cancel message from the channel.
[2024-03-30 02:39:10Z INFO Worker] Waiting for the job to complete or for a cancel message from the channel.
[2024-03-30 02:39:10Z INFO GitHubActionsService] Finished operation Location.GetConnectionData
[2024-03-30 02:39:10Z INFO JobServer] Creating websocket client ...wss://results-receiver.actions.githubusercontent.com/_ws/ingest.sock
[2024-03-30 02:39:10Z INFO JobServer] Attempting to start websocket client with delay 00:00:00.
[2024-03-30 02:39:10Z INFO JobServerQueue] Initializing results client
[2024-03-30 02:39:10Z INFO JobServerQueue] Start process web console line queue.
[2024-03-30 02:39:10Z INFO JobServerQueue] Start process file upload queue.
[2024-03-30 02:39:10Z INFO JobServerQueue] Start results file upload queue.
[2024-03-30 02:39:10Z INFO JobServerQueue] Starting results-based upload queue...
[2024-03-30 02:39:10Z INFO JobServerQueue] Start process timeline update queue.
[2024-03-30 02:39:10Z INFO ExecutionContext] Initialize GitHub context
[2024-03-30 02:39:10Z INFO ExecutionContext] Initialize Env context
[2024-03-30 02:39:10Z INFO HostContext] Well known directory 'Bin': 'D:\ful stack web apps\lystify\actions-runner\bin'
[2024-03-30 02:39:10Z INFO HostContext] Well known directory 'Root': 'D:\ful stack web apps\lystify\actions-runner'
[2024-03-30 02:39:10Z INFO HostContext] Well known directory 'Diag': 'D:\ful stack web apps\lystify\actions-runner\_diag'
[2024-03-30 02:39:10Z INFO HostContext] Well known directory 'Bin': 'D:\ful stack web apps\lystify\actions-runner\bin'
[2024-03-30 02:39:10Z INFO HostContext] Well known directory 'Root': 'D:\ful stack web apps\lystify\actions-runner'
[2024-03-30 02:39:10Z INFO HostContext] Well known directory 'Diag': 'D:\ful stack web apps\lystify\actions-runner\_diag'
[2024-03-30 02:39:10Z INFO JobRunner] Starting the job execution context.
[2024-03-30 02:39:10Z INFO HostContext] Well known directory 'Bin': 'D:\ful stack web apps\lystify\actions-runner\bin'
[2024-03-30 02:39:10Z INFO HostContext] Well known directory 'Root': 'D:\ful stack web apps\lystify\actions-runner'
[2024-03-30 02:39:10Z INFO HostContext] Well known directory 'Work': 'D:\ful stack web apps\lystify\actions-runner\deploy'
[2024-03-30 02:39:10Z INFO JobRunner] Validating directory permissions for: 'D:\ful stack web apps\lystify\actions-runner\deploy'
[2024-03-30 02:39:10Z INFO HostContext] Well known directory 'Bin': 'D:\ful stack web apps\lystify\actions-runner\bin'
[2024-03-30 02:39:10Z INFO HostContext] Well known directory 'Root': 'D:\ful stack web apps\lystify\actions-runner'
[2024-03-30 02:39:10Z INFO HostContext] Well known directory 'Work': 'D:\ful stack web apps\lystify\actions-runner\deploy'
[2024-03-30 02:39:10Z INFO HostContext] Well known directory 'Tools': 'D:\ful stack web apps\lystify\actions-runner\deploy\_tool'
[2024-03-30 02:39:10Z INFO HostContext] Well known directory 'Bin': 'D:\ful stack web apps\lystify\actions-runner\bin'
[2024-03-30 02:39:10Z INFO HostContext] Well known directory 'Root': 'D:\ful stack web apps\lystify\actions-runner'
[2024-03-30 02:39:10Z INFO HostContext] Well known directory 'Work': 'D:\ful stack web apps\lystify\actions-runner\deploy'
[2024-03-30 02:39:10Z INFO HostContext] Well known directory 'Temp': 'D:\ful stack web apps\lystify\actions-runner\deploy\_temp'
[2024-03-30 02:39:10Z INFO JobRunner] Getting job extension.
[2024-03-30 02:39:10Z INFO JobRunner] Initialize job. Getting all job steps.
[2024-03-30 02:39:10Z INFO HostContext] Well known directory 'Bin': 'D:\ful stack web apps\lystify\actions-runner\bin'
[2024-03-30 02:39:10Z INFO HostContext] Well known directory 'Root': 'D:\ful stack web apps\lystify\actions-runner'
[2024-03-30 02:39:10Z INFO HostContext] Well known directory 'Diag': 'D:\ful stack web apps\lystify\actions-runner\_diag'
[2024-03-30 02:39:10Z INFO HostContext] Well known directory 'Bin': 'D:\ful stack web apps\lystify\actions-runner\bin'
[2024-03-30 02:39:10Z INFO HostContext] Well known directory 'Root': 'D:\ful stack web apps\lystify\actions-runner'
[2024-03-30 02:39:10Z INFO HostContext] Well known directory 'Diag': 'D:\ful stack web apps\lystify\actions-runner\_diag'
[2024-03-30 02:39:10Z INFO HostContext] Well known directory 'Bin': 'D:\ful stack web apps\lystify\actions-runner\bin'
[2024-03-30 02:39:10Z INFO HostContext] Well known directory 'Root': 'D:\ful stack web apps\lystify\actions-runner'
[2024-03-30 02:39:10Z INFO HostContext] Well known config file 'Credentials': 'D:\ful stack web apps\lystify\actions-runner\.credentials'
[2024-03-30 02:39:10Z INFO HostContext] Well known directory 'Bin': 'D:\ful stack web apps\lystify\actions-runner\bin'
[2024-03-30 02:39:10Z INFO HostContext] Well known directory 'Root': 'D:\ful stack web apps\lystify\actions-runner'
[2024-03-30 02:39:10Z INFO HostContext] Well known config file 'SetupInfo': 'D:\ful stack web apps\lystify\actions-runner\.setup_info'
[2024-03-30 02:39:10Z INFO HostContext] Well known directory 'Bin': 'D:\ful stack web apps\lystify\actions-runner\bin'
[2024-03-30 02:39:10Z INFO HostContext] Well known directory 'Root': 'D:\ful stack web apps\lystify\actions-runner'
[2024-03-30 02:39:10Z INFO HostContext] Well known directory 'Work': 'D:\ful stack web apps\lystify\actions-runner\deploy'
[2024-03-30 02:39:10Z INFO PipelineDirectoryManager] Loading tracking config if exists: D:\ful stack web apps\lystify\actions-runner\deploy\_PipelineMapping\RiyanFaroqui/lystify\PipelineFolder.json
[2024-03-30 02:39:10Z INFO PipelineDirectoryManager] Updating job run properties.
[2024-03-30 02:39:10Z INFO HostContext] Well known directory 'Bin': 'D:\ful stack web apps\lystify\actions-runner\bin'
[2024-03-30 02:39:10Z INFO HostContext] Well known directory 'Root': 'D:\ful stack web apps\lystify\actions-runner'
[2024-03-30 02:39:10Z INFO HostContext] Well known directory 'Work': 'D:\ful stack web apps\lystify\actions-runner\deploy'
[2024-03-30 02:39:10Z INFO HostContext] Well known directory 'Bin': 'D:\ful stack web apps\lystify\actions-runner\bin'
[2024-03-30 02:39:10Z INFO HostContext] Well known directory 'Root': 'D:\ful stack web apps\lystify\actions-runner'
[2024-03-30 02:39:10Z INFO HostContext] Well known directory 'Work': 'D:\ful stack web apps\lystify\actions-runner\deploy'
[2024-03-30 02:39:10Z INFO HostContext] Well known directory 'Bin': 'D:\ful stack web apps\lystify\actions-runner\bin'
[2024-03-30 02:39:10Z INFO HostContext] Well known directory 'Root': 'D:\ful stack web apps\lystify\actions-runner'
[2024-03-30 02:39:10Z INFO HostContext] Well known directory 'Work': 'D:\ful stack web apps\lystify\actions-runner\deploy'
[2024-03-30 02:39:10Z INFO JobExtension] Downloading actions
[2024-03-30 02:39:10Z INFO HostContext] Well known directory 'Bin': 'D:\ful stack web apps\lystify\actions-runner\bin'
[2024-03-30 02:39:10Z INFO HostContext] Well known directory 'Root': 'D:\ful stack web apps\lystify\actions-runner'
[2024-03-30 02:39:10Z INFO HostContext] Well known directory 'Work': 'D:\ful stack web apps\lystify\actions-runner\deploy'
[2024-03-30 02:39:10Z INFO HostContext] Well known directory 'Actions': 'D:\ful stack web apps\lystify\actions-runner\deploy\_actions'
[2024-03-30 02:39:10Z INFO JobServer] Successfully started websocket client.
[2024-03-30 02:39:11Z INFO JobServerQueue] Try to append 1 batches web console lines for record '04addf34-1c4c-434d-8198-56808aeaa070', success rate: 1/1.
[2024-03-30 02:39:11Z INFO HostContext] Well known directory 'Bin': 'D:\ful stack web apps\lystify\actions-runner\bin'
[2024-03-30 02:39:11Z INFO HostContext] Well known directory 'Root': 'D:\ful stack web apps\lystify\actions-runner'
[2024-03-30 02:39:11Z INFO HostContext] Well known directory 'Work': 'D:\ful stack web apps\lystify\actions-runner\deploy'
[2024-03-30 02:39:11Z INFO HostContext] Well known directory 'Actions': 'D:\ful stack web apps\lystify\actions-runner\deploy\_actions'
[2024-03-30 02:39:11Z INFO HostContext] Well known directory 'Bin': 'D:\ful stack web apps\lystify\actions-runner\bin'
[2024-03-30 02:39:11Z INFO HostContext] Well known directory 'Root': 'D:\ful stack web apps\lystify\actions-runner'
[2024-03-30 02:39:11Z INFO HostContext] Well known directory 'Work': 'D:\ful stack web apps\lystify\actions-runner\deploy'
[2024-03-30 02:39:11Z INFO HostContext] Well known directory 'Actions': 'D:\ful stack web apps\lystify\actions-runner\deploy\_actions'
[2024-03-30 02:39:11Z INFO ActionManager] Save archive 'https://api.github.com/repos/actions/checkout/zipball/f43a0e5ff2bd294095638e18286ca9a3d1956744' into D:\ful stack web apps\lystify\actions-runner\deploy\_actions\_temp_57822e54-a110-4aaf-a0f5-555620e0cf33\a244565e-9485-4a00-8788-1468e0e3e870.zip.
[2024-03-30 02:39:11Z INFO JobServerQueue] Try to append 1 batches web console lines for record '04addf34-1c4c-434d-8198-56808aeaa070', success rate: 1/1.
[2024-03-30 02:39:11Z INFO JobServerQueue] Job timeline record has been updated for the first time.
[2024-03-30 02:39:11Z INFO ActionManager] Request URL: https://api.github.com/repos/actions/checkout/zipball/f43a0e5ff2bd294095638e18286ca9a3d1956744 X-GitHub-Request-Id: C3FF:3F2C8A:1AC3FF:2D97E0:66077B50 Http Status: OK
[2024-03-30 02:39:11Z INFO ActionManager] Finished getting action repository.
[2024-03-30 02:39:11Z INFO HostContext] Well known directory 'Bin': 'D:\ful stack web apps\lystify\actions-runner\bin'
[2024-03-30 02:39:11Z INFO HostContext] Well known directory 'Root': 'D:\ful stack web apps\lystify\actions-runner'
[2024-03-30 02:39:11Z INFO HostContext] Well known directory 'Work': 'D:\ful stack web apps\lystify\actions-runner\deploy'
[2024-03-30 02:39:11Z INFO HostContext] Well known directory 'Actions': 'D:\ful stack web apps\lystify\actions-runner\deploy\_actions'
[2024-03-30 02:39:11Z INFO HostContext] Well known directory 'Bin': 'D:\ful stack web apps\lystify\actions-runner\bin'
[2024-03-30 02:39:11Z INFO HostContext] Well known directory 'Root': 'D:\ful stack web apps\lystify\actions-runner'
[2024-03-30 02:39:11Z INFO HostContext] Well known directory 'Work': 'D:\ful stack web apps\lystify\actions-runner\deploy'
[2024-03-30 02:39:11Z INFO HostContext] Well known directory 'Actions': 'D:\ful stack web apps\lystify\actions-runner\deploy\_actions'
[2024-03-30 02:39:11Z INFO ActionManager] Save archive 'https://api.github.com/repos/actions/setup-node/zipball/1a4442cacd436585916779262731d5b162bc6ec7' into D:\ful stack web apps\lystify\actions-runner\deploy\_actions\_temp_744b3528-201a-448b-8f89-c913d17ae666\e42ddb47-a929-47eb-8522-d5e6ff7f2fd0.zip.
[2024-03-30 02:39:12Z INFO JobServerQueue] Try to append 1 batches web console lines for record '04addf34-1c4c-434d-8198-56808aeaa070', success rate: 1/1.
[2024-03-30 02:39:12Z INFO ProcessChannel] Receiving message of length 0, with hash 'e3b0c44298fc1c149afbf4c8996fb92427ae41e4649b934ca495991b7852b855'
[2024-03-30 02:39:12Z INFO Worker] Cancellation/Shutdown message received.
[2024-03-30 02:39:12Z INFO ActionManager] Request URL: https://api.github.com/repos/actions/setup-node/zipball/1a4442cacd436585916779262731d5b162bc6ec7 X-GitHub-Request-Id: C402:371D8E:1D4D5D:30210B:66077B51 Http Status: OK
[2024-03-30 02:39:12Z INFO ActionManager] Action download has been cancelled.
[2024-03-30 02:39:12Z ERR  JobExtension] Caught cancellation exception from JobExtension Initialization: System.Threading.Tasks.TaskCanceledException: A task was canceled.
   at GitHub.Runner.Worker.ActionManager.DownloadRepositoryArchive(IExecutionContext executionContext, String downloadUrl, String downloadAuthToken, String archiveFile)
   at GitHub.Runner.Worker.ActionManager.DownloadRepositoryActionAsync(IExecutionContext executionContext, ActionDownloadInfo downloadInfo)
   at GitHub.Runner.Worker.ActionManager.PrepareActionsRecursiveAsync(IExecutionContext executionContext, PrepareActionsState state, IEnumerable`1 actions, Int32 depth, Guid parentStepId)
   at GitHub.Runner.Worker.ActionManager.PrepareActionsAsync(IExecutionContext executionContext, IEnumerable`1 steps, Guid rootStepId)
   at GitHub.Runner.Worker.JobExtension.InitializeJob(IExecutionContext jobContext, AgentJobRequestMessage message)
[2024-03-30 02:39:12Z INFO ExecutionContext] Publish step telemetry for current step {
  "action": "setup_job",
  "type": "runner",
  "stage": "Pre",
  "stepId": "04addf34-1c4c-434d-8198-56808aeaa070",
  "result": "canceled",
  "errorMessages": [
    "A task was canceled."
  ],
  "executionTimeInSeconds": 2,
  "startTime": "2024-03-30T02:39:10.8726651Z",
  "finishTime": "2024-03-30T02:39:12.7207275Z"
}.
[2024-03-30 02:39:12Z ERR  JobRunner] Job is cancelled during initialize.
[2024-03-30 02:39:12Z ERR  JobRunner] Caught exception: System.Threading.Tasks.TaskCanceledException: A task was canceled.
   at GitHub.Runner.Worker.ActionManager.DownloadRepositoryArchive(IExecutionContext executionContext, String downloadUrl, String downloadAuthToken, String archiveFile)
   at GitHub.Runner.Worker.ActionManager.DownloadRepositoryActionAsync(IExecutionContext executionContext, ActionDownloadInfo downloadInfo)
   at GitHub.Runner.Worker.ActionManager.PrepareActionsRecursiveAsync(IExecutionContext executionContext, PrepareActionsState state, IEnumerable`1 actions, Int32 depth, Guid parentStepId)
   at GitHub.Runner.Worker.ActionManager.PrepareActionsAsync(IExecutionContext executionContext, IEnumerable`1 steps, Guid rootStepId)
   at GitHub.Runner.Worker.JobExtension.InitializeJob(IExecutionContext jobContext, AgentJobRequestMessage message)
   at GitHub.Runner.Worker.JobRunner.RunAsync(AgentJobRequestMessage message, CancellationToken jobRequestCancellationToken)
[2024-03-30 02:39:12Z INFO JobRunner] Shutting down the job server queue.
[2024-03-30 02:39:12Z INFO JobServerQueue] Fire signal to shutdown all queues.
[2024-03-30 02:39:13Z INFO JobServerQueue] All queue process task stopped.
[2024-03-30 02:39:13Z INFO JobServerQueue] Try to append 1 batches web console lines for record '04addf34-1c4c-434d-8198-56808aeaa070', success rate: 1/1.
[2024-03-30 02:39:13Z INFO JobServerQueue] Web console line queue drained.
[2024-03-30 02:39:13Z INFO JobServerQueue] Uploading 2 files in one shot.
[2024-03-30 02:39:13Z INFO JobServerQueue] Try to upload 2 log files or attachments, success rate: 2/2.
[2024-03-30 02:39:13Z INFO JobServerQueue] File upload queue drained.
[2024-03-30 02:39:13Z INFO JobServerQueue] Starting results-based upload queue...
[2024-03-30 02:39:13Z INFO JobServerQueue] Uploading 2 file(s) in one shot through results service.
[2024-03-30 02:39:13Z INFO JobServerQueue] Got a step log file to send to results service.
[2024-03-30 02:39:13Z INFO JobServerQueue] Starting upload of step log file to results service ResultsLog, D:\ful stack web apps\lystify\actions-runner\_diag\blocks\cd8cd2d4-d2c6-4d80-ba73-42b7f6908d58_04addf34-1c4c-434d-8198-56808aeaa070.1
[2024-03-30 02:39:13Z INFO JobServerQueue] Got a job log file to send to results service.
[2024-03-30 02:39:13Z INFO JobServerQueue] Starting upload of job log file to results service ResultsLog, D:\ful stack web apps\lystify\actions-runner\_diag\blocks\cd8cd2d4-d2c6-4d80-ba73-42b7f6908d58_c269f388-e93f-55df-e42c-8ad0a472b48b.1
[2024-03-30 02:39:13Z INFO JobServerQueue] Tried to upload 2 file(s) to results, success rate: 2/2.
[2024-03-30 02:39:13Z INFO JobServerQueue] Results upload queue drained.
[2024-03-30 02:39:14Z INFO JobServerQueue] Timeline update queue drained.
[2024-03-30 02:39:14Z INFO JobServerQueue] Disposing job server ...
[2024-03-30 02:39:14Z INFO JobServerQueue] Disposing results server ...
[2024-03-30 02:39:14Z INFO JobServerQueue] All queue process tasks have been stopped, and all queues are drained.
[2024-03-30 02:39:14Z INFO JobServerQueue] Actions upload time: 287 ms, Result upload time: 478 ms
[2024-03-30 02:39:14Z INFO TempDirectoryManager] Cleaning runner temp folder: D:\ful stack web apps\lystify\actions-runner\deploy\_temp
[2024-03-30 02:39:14Z INFO HostContext] Well known directory 'Bin': 'D:\ful stack web apps\lystify\actions-runner\bin'
[2024-03-30 02:39:14Z INFO HostContext] Well known directory 'Root': 'D:\ful stack web apps\lystify\actions-runner'
[2024-03-30 02:39:14Z INFO HostContext] Well known directory 'Diag': 'D:\ful stack web apps\lystify\actions-runner\_diag'
[2024-03-30 02:39:14Z INFO HostContext] Well known config file 'Telemetry': 'D:\ful stack web apps\lystify\actions-runner\_diag\.telemetry'
[2024-03-30 02:39:14Z INFO JobRunner] Raising job completed event
